<?xml version="1.0" encoding="UTF-8"?>
<testsuite xmlns:xsi="http://www.w3.org/2001/XMLSchema-instance" xsi:noNamespaceSchemaLocation="https://maven.apache.org/surefire/maven-surefire-plugin/xsd/surefire-test-report.xsd" name="com.goblintech.AppTest" time="0.061" tests="1" errors="0" skipped="0" failures="0">
  <properties>
    <property name="sun.desktop" value="windows"/>
    <property name="awt.toolkit" value="sun.awt.windows.WToolkit"/>
    <property name="java.specification.version" value="11"/>
    <property name="sun.cpu.isalist" value="amd64"/>
    <property name="sun.jnu.encoding" value="Cp1252"/>
    <property name="java.class.path" value="D:\Dropbox\1. Masterthesis\Dev\jakarta-ee-benchmark-wildfly\target\test-classes;D:\Dropbox\1. Masterthesis\Dev\jakarta-ee-benchmark-wildfly\target\classes;C:\Users\kevin\.m2\repository\junit\junit\4.11\junit-4.11.jar;C:\Users\kevin\.m2\repository\org\hamcrest\hamcrest-core\1.3\hamcrest-core-1.3.jar;C:\Users\kevin\.m2\repository\jakarta\platform\jakarta.jakartaee-api\8.0.0\jakarta.jakartaee-api-8.0.0.jar;C:\Users\kevin\.m2\repository\org\wildfly\wildfly-security-api\23.0.1.Final\wildfly-security-api-23.0.1.Final.jar;C:\Users\kevin\.m2\repository\org\wildfly\wildfly-system-jmx\23.0.1.Final\wildfly-system-jmx-23.0.1.Final.jar;C:\Users\kevin\.m2\repository\org\jboss\narayana\rts\restat-util\5.10.6.Final\restat-util-5.10.6.Final.jar;C:\Users\kevin\.m2\repository\antlr\antlr\2.7.7\antlr-2.7.7.jar;C:\Users\kevin\.m2\repository\org\ow2\asm\asm\7.1\asm-7.1.jar;C:\Users\kevin\.m2\repository\org\ow2\asm\asm-util\7.1\asm-util-7.1.jar;C:\Users\kevin\.m2\repository\com\fasterxml\classmate\1.5.1\classmate-1.5.1.jar;C:\Users\kevin\.m2\repository\com\fasterxml\jackson\core\jackson-core\2.12.1\jackson-core-2.12.1.jar;C:\Users\kevin\.m2\repository\com\fasterxml\jackson\core\jackson-annotations\2.12.1\jackson-annotations-2.12.1.jar;C:\Users\kevin\.m2\repository\com\fasterxml\jackson\core\jackson-databind\2.12.1\jackson-databind-2.12.1.jar;C:\Users\kevin\.m2\repository\com\fasterxml\jackson\jaxrs\jackson-jaxrs-json-provider\2.12.1\jackson-jaxrs-json-provider-2.12.1.jar;C:\Users\kevin\.m2\repository\com\fasterxml\jackson\jaxrs\jackson-jaxrs-base\2.12.1\jackson-jaxrs-base-2.12.1.jar;C:\Users\kevin\.m2\repository\com\fasterxml\jackson\module\jackson-module-jaxb-annotations\2.12.1\jackson-module-jaxb-annotations-2.12.1.jar;C:\Users\kevin\.m2\repository\com\fasterxml\jackson\datatype\jackson-datatype-jsr310\2.12.1\jackson-datatype-jsr310-2.12.1.jar;C:\Users\kevin\.m2\repository\com\fasterxml\jackson\datatype\jackson-datatype-jdk8\2.12.1\jackson-datatype-jdk8-2.12.1.jar;C:\Users\kevin\.m2\repository\com\sun\xml\bind\external\relaxng-datatype\2.3.3-b02\relaxng-datatype-2.3.3-b02.jar;C:\Users\kevin\.m2\repository\com\github\fge\btf\1.2\btf-1.2.jar;C:\Users\kevin\.m2\repository\com\github\fge\jackson-coreutils\1.8\jackson-coreutils-1.8.jar;C:\Users\kevin\.m2\repository\com\github\fge\json-patch\1.9\json-patch-1.9.jar;C:\Users\kevin\.m2\repository\com\github\fge\msg-simple\1.1\msg-simple-1.1.jar;C:\Users\kevin\.m2\repository\com\github\spullara\mustache\java\compiler\0.9.6\compiler-0.9.6.jar;C:\Users\kevin\.m2\repository\com\github\ben-manes\caffeine\caffeine\2.8.8\caffeine-2.8.8.jar;C:\Users\kevin\.m2\repository\com\google\code\gson\gson\2.8.6\gson-2.8.6.jar;C:\Users\kevin\.m2\repository\com\google\guava\guava\30.1-jre\guava-30.1-jre.jar;C:\Users\kevin\.m2\repository\com\google\guava\failureaccess\1.0.1\failureaccess-1.0.1.jar;C:\Users\kevin\.m2\repository\com\h2database\h2\1.4.197\h2-1.4.197.jar;C:\Users\kevin\.m2\repository\com\microsoft\azure\azure-storage\8.6.5\azure-storage-8.6.5.jar;C:\Users\kevin\.m2\repository\com\squareup\okhttp3\okhttp\3.9.0\okhttp-3.9.0.jar;C:\Users\kevin\.m2\repository\com\squareup\okio\okio\1.13.0\okio-1.13.0.jar;C:\Users\kevin\.m2\repository\com\sun\faces\jsf-impl\2.3.14.SP04\jsf-impl-2.3.14.SP04.jar;C:\Users\kevin\.m2\repository\com\sun\istack\istack-commons-runtime\3.0.10\istack-commons-runtime-3.0.10.jar;C:\Users\kevin\.m2\repository\com\sun\istack\istack-commons-tools\3.0.10\istack-commons-tools-3.0.10.jar;C:\Users\kevin\.m2\repository\org\glassfish\jaxb\jaxb-runtime\2.3.3-b02\jaxb-runtime-2.3.3-b02.jar;C:\Users\kevin\.m2\repository\org\glassfish\jaxb\jaxb-xjc\2.3.3-b02\jaxb-xjc-2.3.3-b02.jar;C:\Users\kevin\.m2\repository\org\glassfish\jaxb\jaxb-jxc\2.3.3-b02\jaxb-jxc-2.3.3-b02.jar;C:\Users\kevin\.m2\repository\org\glassfish\jaxb\codemodel\2.3.3-b02\codemodel-2.3.3-b02.jar;C:\Users\kevin\.m2\repository\org\glassfish\soteria\jakarta.security.enterprise\1.0.1-jbossorg-1\jakarta.security.enterprise-1.0.1-jbossorg-1.jar;C:\Users\kevin\.m2\repository\org\wildfly\wildfly-http-client\wildfly-http-ejb-client\1.1.5.Final\wildfly-http-ejb-client-1.1.5.Final.jar;C:\Users\kevin\.m2\repository\org\wildfly\wildfly-http-client\wildfly-http-client-common\1.1.5.Final\wildfly-http-client-common-1.1.5.Final.jar;C:\Users\kevin\.m2\repository\org\wildfly\wildfly-http-client\wildfly-http-naming-client\1.1.5.Final\wildfly-http-naming-client-1.1.5.Final.jar;C:\Users\kevin\.m2\repository\org\wildfly\wildfly-http-client\wildfly-http-transaction-client\1.1.5.Final\wildfly-http-transaction-client-1.1.5.Final.jar;C:\Users\kevin\.m2\repository\com\sun\xml\fastinfoset\FastInfoset\1.2.13\FastInfoset-1.2.13.jar;C:\Users\kevin\.m2\repository\com\sun\xml\messaging\saaj\saaj-impl\1.4.1.SP1\saaj-impl-1.4.1.SP1.jar;C:\Users\kevin\.m2\repository\org\glassfish\jaxb\txw2\2.3.3-b02\txw2-2.3.3-b02.jar;C:\Users\kevin\.m2\repository\com\sun\xml\bind\external\rngom\2.3.3-b02\rngom-2.3.3-b02.jar;C:\Users\kevin\.m2\repository\org\glassfish\jaxb\xsom\2.3.3-b02\xsom-2.3.3-b02.jar;C:\Users\kevin\.m2\repository\commons-beanutils\commons-beanutils\1.9.4\commons-beanutils-1.9.4.jar;C:\Users\kevin\.m2\repository\commons-cli\commons-cli\1.4\commons-cli-1.4.jar;C:\Users\kevin\.m2\repository\commons-codec\commons-codec\1.15\commons-codec-1.15.jar;C:\Users\kevin\.m2\repository\commons-collections\commons-collections\3.2.2\commons-collections-3.2.2.jar;C:\Users\kevin\.m2\repository\commons-io\commons-io\2.5\commons-io-2.5.jar;C:\Users\kevin\.m2\repository\commons-lang\commons-lang\2.6\commons-lang-2.6.jar;C:\Users\kevin\.m2\repository\org\dom4j\dom4j\2.1.3\dom4j-2.1.3.jar;C:\Users\kevin\.m2\repository\gnu\getopt\java-getopt\1.0.13\java-getopt-1.0.13.jar;C:\Users\kevin\.m2\repository\org\jboss\openjdk-orb\openjdk-orb\8.1.4.Final\openjdk-orb-8.1.4.Final.jar;C:\Users\kevin\.m2\repository\jaxen\jaxen\1.1.6\jaxen-1.1.6.jar;C:\Users\kevin\.m2\repository\jboss\jaxbintros\jboss-jaxb-intros\1.0.3.GA\jboss-jaxb-intros-1.0.3.GA.jar;C:\Users\kevin\.m2\repository\joda-time\joda-time\2.9.7\joda-time-2.9.7.jar;C:\Users\kevin\.m2\repository\org\jsoup\jsoup\1.8.3\jsoup-1.8.3.jar;C:\Users\kevin\.m2\repository\net\jcip\jcip-annotations\1.0\jcip-annotations-1.0.jar;C:\Users\kevin\.m2\repository\org\apache\avro\avro\1.7.6\avro-1.7.6.jar;C:\Users\kevin\.m2\repository\org\apache\commons\commons-lang3\3.11\commons-lang3-3.11.jar;C:\Users\kevin\.m2\repository\org\jboss\ws\jbossws-api\1.1.2.Final\jbossws-api-1.1.2.Final.jar;C:\Users\kevin\.m2\repository\org\jboss\ws\jbossws-common\3.3.3.Final\jbossws-common-3.3.3.Final.jar;C:\Users\kevin\.m2\repository\org\jboss\ws\jbossws-common-tools\1.3.2.Final\jbossws-common-tools-1.3.2.Final.jar;C:\Users\kevin\.m2\repository\org\jboss\ws\jbossws-spi\3.3.1.Final\jbossws-spi-3.3.1.Final.jar;C:\Users\kevin\.m2\repository\org\jboss\ws\cxf\jbossws-cxf-client\5.4.3.Final\jbossws-cxf-client-5.4.3.Final.jar;C:\Users\kevin\.m2\repository\org\jboss\ws\cxf\jbossws-cxf-jaspi\5.4.3.Final\jbossws-cxf-jaspi-5.4.3.Final.jar;C:\Users\kevin\.m2\repository\org\jboss\ws\cxf\jbossws-cxf-factories\5.4.3.Final\jbossws-cxf-factories-5.4.3.Final.jar;C:\Users\kevin\.m2\repository\org\jboss\ws\cxf\jbossws-cxf-resources\5.4.3.Final\jbossws-cxf-resources-5.4.3.Final-wildfly2000.jar;C:\Users\kevin\.m2\repository\org\jboss\ws\cxf\jbossws-cxf-server\5.4.3.Final\jbossws-cxf-server-5.4.3.Final.jar;C:\Users\kevin\.m2\repository\org\jboss\ws\cxf\jbossws-cxf-transports-udp\5.4.3.Final\jbossws-cxf-transports-udp-5.4.3.Final.jar;C:\Users\kevin\.m2\repository\org\apache\cxf\cxf-rt-bindings-coloc\3.3.10\cxf-rt-bindings-coloc-3.3.10.jar;C:\Users\kevin\.m2\repository\org\apache\cxf\cxf-rt-bindings-soap\3.3.10\cxf-rt-bindings-soap-3.3.10.jar;C:\Users\kevin\.m2\repository\org\apache\cxf\cxf-rt-bindings-xml\3.3.10\cxf-rt-bindings-xml-3.3.10.jar;C:\Users\kevin\.m2\repository\org\apache\cxf\cxf-core\3.3.10\cxf-core-3.3.10.jar;C:\Users\kevin\.m2\repository\org\apache\cxf\cxf-rt-features-logging\3.3.10\cxf-rt-features-logging-3.3.10.jar;C:\Users\kevin\.m2\repository\org\apache\cxf\cxf-rt-databinding-aegis\3.3.10\cxf-rt-databinding-aegis-3.3.10.jar;C:\Users\kevin\.m2\repository\org\apache\cxf\cxf-rt-databinding-jaxb\3.3.10\cxf-rt-databinding-jaxb-3.3.10.jar;C:\Users\kevin\.m2\repository\org\apache\cxf\cxf-rt-features-clustering\3.3.10\cxf-rt-features-clustering-3.3.10.jar;C:\Users\kevin\.m2\repository\org\apache\cxf\cxf-rt-frontend-jaxws\3.3.10\cxf-rt-frontend-jaxws-3.3.10.jar;C:\Users\kevin\.m2\repository\org\apache\cxf\cxf-rt-frontend-simple\3.3.10\cxf-rt-frontend-simple-3.3.10.jar;C:\Users\kevin\.m2\repository\org\apache\cxf\cxf-rt-management\3.3.10\cxf-rt-management-3.3.10.jar;C:\Users\kevin\.m2\repository\org\apache\cxf\cxf-rt-security\3.3.10\cxf-rt-security-3.3.10.jar;C:\Users\kevin\.m2\repository\org\apache\cxf\cxf-rt-security-saml\3.3.10\cxf-rt-security-saml-3.3.10.jar;C:\Users\kevin\.m2\repository\org\apache\cxf\cxf-rt-transports-http\3.3.10\cxf-rt-transports-http-3.3.10.jar;C:\Users\kevin\.m2\repository\org\apache\cxf\cxf-rt-transports-http-hc\3.3.10\cxf-rt-transports-http-hc-3.3.10.jar;C:\Users\kevin\.m2\repository\org\slf4j\slf4j-api\1.7.30\slf4j-api-1.7.30.jar;C:\Users\kevin\.m2\repository\javax\annotation\javax.annotation-api\1.3.2\javax.annotation-api-1.3.2.jar;C:\Users\kevin\.m2\repository\javax\xml\ws\jaxws-api\2.3.1\jaxws-api-2.3.1.jar;C:\Users\kevin\.m2\repository\javax\xml\soap\javax.xml.soap-api\1.4.0\javax.xml.soap-api-1.4.0.jar;C:\Users\kevin\.m2\repository\com\sun\activation\javax.activation\1.2.0\javax.activation-1.2.0.jar;C:\Users\kevin\.m2\repository\org\apache\geronimo\specs\geronimo-ws-metadata_2.0_spec\1.1.3\geronimo-ws-metadata_2.0_spec-1.1.3.jar;C:\Users\kevin\.m2\repository\org\jacorb\jacorb-omgapi\3.9\jacorb-omgapi-3.9.jar;C:\Users\kevin\.m2\repository\org\apache\geronimo\specs\geronimo-jta_1.1_spec\1.1.1\geronimo-jta_1.1_spec-1.1.1.jar;C:\Users\kevin\.m2\repository\org\jboss\spec\javax\rmi\jboss-rmi-api_1.0_spec\1.0.6.Final\jboss-rmi-api_1.0_spec-1.0.6.Final.jar;C:\Users\kevin\.m2\repository\org\apache\cxf\cxf-rt-transports-local\3.3.10\cxf-rt-transports-local-3.3.10.jar;C:\Users\kevin\.m2\repository\org\apache\cxf\cxf-rt-transports-jms\3.3.10\cxf-rt-transports-jms-3.3.10.jar;C:\Users\kevin\.m2\repository\org\apache\cxf\cxf-rt-wsdl\3.3.10\cxf-rt-wsdl-3.3.10.jar;C:\Users\kevin\.m2\repository\org\apache\cxf\cxf-rt-ws-addr\3.3.10\cxf-rt-ws-addr-3.3.10.jar;C:\Users\kevin\.m2\repository\org\apache\cxf\cxf-rt-ws-mex\3.3.10\cxf-rt-ws-mex-3.3.10.jar;C:\Users\kevin\.m2\repository\org\apache\cxf\cxf-rt-ws-policy\3.3.10\cxf-rt-ws-policy-3.3.10.jar;C:\Users\kevin\.m2\repository\org\apache\cxf\cxf-rt-ws-rm\3.3.10\cxf-rt-ws-rm-3.3.10.jar;C:\Users\kevin\.m2\repository\org\apache\cxf\cxf-rt-ws-security\3.3.10\cxf-rt-ws-security-3.3.10.jar;C:\Users\kevin\.m2\repository\org\apache\cxf\cxf-tools-common\3.3.10\cxf-tools-common-3.3.10.jar;C:\Users\kevin\.m2\repository\org\apache\cxf\cxf-tools-java2ws\3.3.10\cxf-tools-java2ws-3.3.10.jar;C:\Users\kevin\.m2\repository\org\apache\cxf\cxf-tools-validator\3.3.10\cxf-tools-validator-3.3.10.jar;C:\Users\kevin\.m2\repository\org\apache\cxf\cxf-tools-wsdlto-core\3.3.10\cxf-tools-wsdlto-core-3.3.10.jar;C:\Users\kevin\.m2\repository\org\apache\cxf\cxf-tools-wsdlto-databinding-jaxb\3.3.10\cxf-tools-wsdlto-databinding-jaxb-3.3.10.jar;C:\Users\kevin\.m2\repository\org\apache\cxf\cxf-tools-wsdlto-frontend-jaxws\3.3.10\cxf-tools-wsdlto-frontend-jaxws-3.3.10.jar;C:\Users\kevin\.m2\repository\org\apache\cxf\services\sts\cxf-services-sts-core\3.3.10\cxf-services-sts-core-3.3.10.jar;C:\Users\kevin\.m2\repository\org\apache\cxf\services\ws-discovery\cxf-services-ws-discovery-api\3.3.10\cxf-services-ws-discovery-api-3.3.10.jar;C:\Users\kevin\.m2\repository\org\apache\cxf\xjc-utils\cxf-xjc-runtime\3.3.1\cxf-xjc-runtime-3.3.1.jar;C:\Users\kevin\.m2\repository\org\apache\cxf\xjcplugins\cxf-xjc-boolean\3.3.1\cxf-xjc-boolean-3.3.1.jar;C:\Users\kevin\.m2\repository\org\apache\cxf\xjcplugins\cxf-xjc-bug986\3.3.1\cxf-xjc-bug986-3.3.1.jar;C:\Users\kevin\.m2\repository\org\apache\cxf\xjcplugins\cxf-xjc-dv\3.3.1\cxf-xjc-dv-3.3.1.jar;C:\Users\kevin\.m2\repository\org\apache\cxf\xjcplugins\cxf-xjc-ts\3.3.1\cxf-xjc-ts-3.3.1.jar;C:\Users\kevin\.m2\repository\org\wildfly\wildfly-rts\23.0.1.Final\wildfly-rts-23.0.1.Final.jar;C:\Users\kevin\.m2\repository\org\jboss\narayana\rts\restat-api\5.10.6.Final\restat-api-5.10.6.Final.jar;C:\Users\kevin\.m2\repository\org\jboss\narayana\rts\restat-integration\5.10.6.Final\restat-integration-5.10.6.Final.jar;C:\Users\kevin\.m2\repository\org\jboss\narayana\rts\restat-bridge\5.10.6.Final\restat-bridge-5.10.6.Final.jar;C:\Users\kevin\.m2\repository\org\jboss\narayana\compensations\compensations\5.10.6.Final\compensations-5.10.6.Final.jar;C:\Users\kevin\.m2\repository\org\jboss\narayana\txframework\txframework\5.10.6.Final\txframework-5.10.6.Final.jar;C:\Users\kevin\.m2\repository\org\jboss\jboss-ejb-client\4.0.39.Final\jboss-ejb-client-4.0.39.Final.jar;C:\Users\kevin\.m2\repository\org\jboss\ejb3\jboss-ejb3-ext-api\2.3.0.Final\jboss-ejb3-ext-api-2.3.0.Final.jar;C:\Users\kevin\.m2\repository\org\wildfly\wildfly-jpa\23.0.1.Final\wildfly-jpa-23.0.1.Final.jar;C:\Users\kevin\.m2\repository\org\wildfly\jipijapa-hibernate5-3\23.0.1.Final\jipijapa-hibernate5-3-23.0.1.Final.jar;C:\Users\kevin\.m2\repository\org\wildfly\jipijapa-spi\23.0.1.Final\jipijapa-spi-23.0.1.Final.jar;C:\Users\kevin\.m2\repository\org\jboss\jboss-transaction-spi\7.6.0.Final\jboss-transaction-spi-7.6.0.Final.jar;C:\Users\kevin\.m2\repository\org\jboss\genericjms\generic-jms-ra-jar\2.0.9.Final\generic-jms-ra-jar-2.0.9.Final.jar;C:\Users\kevin\.m2\repository\org\jboss\ironjacamar\ironjacamar-core-api\1.4.27.Final\ironjacamar-core-api-1.4.27.Final.jar;C:\Users\kevin\.m2\repository\org\jboss\ironjacamar\ironjacamar-core-impl\1.4.27.Final\ironjacamar-core-impl-1.4.27.Final.jar;C:\Users\kevin\.m2\repository\org\jboss\ironjacamar\ironjacamar-common-api\1.4.27.Final\ironjacamar-common-api-1.4.27.Final.jar;C:\Users\kevin\.m2\repository\org\jboss\ironjacamar\ironjacamar-common-spi\1.4.27.Final\ironjacamar-common-spi-1.4.27.Final.jar;C:\Users\kevin\.m2\repository\org\jboss\ironjacamar\ironjacamar-common-impl\1.4.27.Final\ironjacamar-common-impl-1.4.27.Final.jar;C:\Users\kevin\.m2\repository\org\jboss\ironjacamar\ironjacamar-deployers-common\1.4.27.Final\ironjacamar-deployers-common-1.4.27.Final.jar;C:\Users\kevin\.m2\repository\org\jboss\ironjacamar\ironjacamar-jdbc\1.4.27.Final\ironjacamar-jdbc-1.4.27.Final.jar;C:\Users\kevin\.m2\repository\org\jboss\ironjacamar\ironjacamar-validator\1.4.27.Final\ironjacamar-validator-1.4.27.Final.jar;C:\Users\kevin\.m2\repository\org\jboss\narayana\jts\narayana-jts-idlj\5.10.6.Final\narayana-jts-idlj-5.10.6.Final.jar;C:\Users\kevin\.m2\repository\org\jboss\narayana\jts\narayana-jts-integration\5.10.6.Final\narayana-jts-integration-5.10.6.Final.jar;C:\Users\kevin\.m2\repository\org\jboss\narayana\jbosstxbridge\5.10.6.Final\jbosstxbridge-5.10.6.Final.jar;C:\Users\kevin\.m2\repository\org\jboss\narayana\xts\jbossxts\5.10.6.Final\jbossxts-5.10.6.Final.jar;C:\Users\kevin\.m2\repository\org\jboss\narayana\xts\jbossxts\5.10.6.Final\jbossxts-5.10.6.Final-api.jar;C:\Users\kevin\.m2\repository\org\jboss\metadata\jboss-metadata-appclient\13.0.0.Final\jboss-metadata-appclient-13.0.0.Final.jar;C:\Users\kevin\.m2\repository\org\jboss\metadata\jboss-metadata-ejb\13.0.0.Final\jboss-metadata-ejb-13.0.0.Final.jar;C:\Users\kevin\.m2\repository\org\jboss\mod_cluster\mod_cluster-container-spi\1.4.3.Final\mod_cluster-container-spi-1.4.3.Final.jar;C:\Users\kevin\.m2\repository\org\jboss\mod_cluster\mod_cluster-core\1.4.3.Final\mod_cluster-core-1.4.3.Final.jar;C:\Users\kevin\.m2\repository\org\jboss\mod_cluster\mod_cluster-load-spi\1.4.3.Final\mod_cluster-load-spi-1.4.3.Final.jar;C:\Users\kevin\.m2\repository\org\jboss\xnio\netty\netty-xnio-transport\0.1.9.Final\netty-xnio-transport-0.1.9.Final.jar;C:\Users\kevin\.m2\repository\io\netty\netty-all\4.1.63.Final\netty-all-4.1.63.Final.jar;C:\Users\kevin\.m2\repository\io\reactivex\rxjava2\rxjava\2.2.20\rxjava-2.2.20.jar;C:\Users\kevin\.m2\repository\io\reactivex\rxjava3\rxjava\3.0.9\rxjava-3.0.9.jar;C:\Users\kevin\.m2\repository\io\undertow\js\undertow-js\1.0.2.Final\undertow-js-1.0.2.Final.jar;C:\Users\kevin\.m2\repository\org\jboss\resteasy\jose-jwt\3.15.1.Final\jose-jwt-3.15.1.Final.jar;C:\Users\kevin\.m2\repository\org\jboss\resteasy\resteasy-client\3.15.1.Final\resteasy-client-3.15.1.Final.jar;C:\Users\kevin\.m2\repository\org\jboss\resteasy\resteasy-jaxrs\3.15.1.Final\resteasy-jaxrs-3.15.1.Final.jar;C:\Users\kevin\.m2\repository\org\jboss\resteasy\resteasy-spring\3.15.1.Final\resteasy-spring-3.15.1.Final.jar;C:\Users\kevin\.m2\repository\org\jboss\resteasy\resteasy-atom-provider\3.15.1.Final\resteasy-atom-provider-3.15.1.Final.jar;C:\Users\kevin\.m2\repository\org\jboss\resteasy\resteasy-cdi\3.15.1.Final\resteasy-cdi-3.15.1.Final.jar;C:\Users\kevin\.m2\repository\org\jboss\resteasy\resteasy-crypto\3.15.1.Final\resteasy-crypto-3.15.1.Final.jar;C:\Users\kevin\.m2\repository\org\jboss\resteasy\resteasy-jackson-provider\3.15.1.Final\resteasy-jackson-provider-3.15.1.Final.jar;C:\Users\kevin\.m2\repository\org\jboss\resteasy\resteasy-jackson2-provider\3.15.1.Final\resteasy-jackson2-provider-3.15.1.Final.jar;C:\Users\kevin\.m2\repository\org\jboss\resteasy\resteasy-json-binding-provider\3.15.1.Final\resteasy-json-binding-provider-3.15.1.Final.jar;C:\Users\kevin\.m2\repository\org\jboss\resteasy\resteasy-json-p-provider\3.15.1.Final\resteasy-json-p-provider-3.15.1.Final.jar;C:\Users\kevin\.m2\repository\org\jboss\resteasy\resteasy-jaxb-provider\3.15.1.Final\resteasy-jaxb-provider-3.15.1.Final.jar;C:\Users\kevin\.m2\repository\org\jboss\resteasy\resteasy-jettison-provider\3.15.1.Final\resteasy-jettison-provider-3.15.1.Final.jar;C:\Users\kevin\.m2\repository\org\jboss\resteasy\resteasy-jsapi\3.15.1.Final\resteasy-jsapi-3.15.1.Final.jar;C:\Users\kevin\.m2\repository\org\jboss\resteasy\resteasy-multipart-provider\3.15.1.Final\resteasy-multipart-provider-3.15.1.Final.jar;C:\Users\kevin\.m2\repository\org\jboss\resteasy\resteasy-rxjava2\3.15.1.Final\resteasy-rxjava2-3.15.1.Final.jar;C:\Users\kevin\.m2\repository\org\jboss\resteasy\resteasy-validator-provider\3.15.1.Final\resteasy-validator-provider-3.15.1.Final.jar;C:\Users\kevin\.m2\repository\org\jboss\resteasy\resteasy-yaml-provider\3.15.1.Final\resteasy-yaml-provider-3.15.1.Final.jar;C:\Users\kevin\.m2\repository\org\jboss\seam\integration\jboss-seam-int-jbossas\7.0.0.GA\jboss-seam-int-jbossas-7.0.0.GA.jar;C:\Users\kevin\.m2\repository\org\jboss\security\jbossxacml\2.0.8.Final\jbossxacml-2.0.8.Final.jar;C:\Users\kevin\.m2\repository\org\jboss\weld\weld-api\3.1.SP3\weld-api-3.1.SP3.jar;C:\Users\kevin\.m2\repository\org\jboss\weld\weld-core-impl\3.1.6.Final\weld-core-impl-3.1.6.Final.jar;C:\Users\kevin\.m2\repository\org\jboss\weld\module\weld-ejb\3.1.6.Final\weld-ejb-3.1.6.Final.jar;C:\Users\kevin\.m2\repository\jakarta\enterprise\jakarta.enterprise.cdi-api\2.0.2\jakarta.enterprise.cdi-api-2.0.2.jar;C:\Users\kevin\.m2\repository\jakarta\inject\jakarta.inject-api\1.0\jakarta.inject-api-1.0.jar;C:\Users\kevin\.m2\repository\org\jboss\spec\javax\transaction\jboss-transaction-api_1.3_spec\2.0.0.Final\jboss-transaction-api_1.3_spec-2.0.0.Final.jar;C:\Users\kevin\.m2\repository\org\jboss\weld\module\weld-jsf\3.1.6.Final\weld-jsf-3.1.6.Final.jar;C:\Users\kevin\.m2\repository\org\jboss\weld\module\weld-jta\3.1.6.Final\weld-jta-3.1.6.Final.jar;C:\Users\kevin\.m2\repository\org\jboss\weld\module\weld-web\3.1.6.Final\weld-web-3.1.6.Final.jar;C:\Users\kevin\.m2\repository\org\jboss\weld\probe\weld-probe-core\3.1.6.Final\weld-probe-core-3.1.6.Final.jar;C:\Users\kevin\.m2\repository\org\jboss\weld\weld-spi\3.1.SP3\weld-spi-3.1.SP3.jar;C:\Users\kevin\.m2\repository\org\jctools\jctools-core\2.1.2\jctools-core-2.1.2.jar;C:\Users\kevin\.m2\repository\org\jgroups\jgroups\4.2.11.Final\jgroups-4.2.11.Final.jar;C:\Users\kevin\.m2\repository\org\jgroups\azure\jgroups-azure\1.3.0.Final\jgroups-azure-1.3.0.Final.jar;C:\Users\kevin\.m2\repository\org\jgroups\kubernetes\jgroups-kubernetes\1.0.15.Final\jgroups-kubernetes-1.0.15.Final.jar;C:\Users\kevin\.m2\repository\org\yaml\snakeyaml\1.26\snakeyaml-1.26.jar;C:\Users\kevin\.m2\repository\wsdl4j\wsdl4j\1.6.3\wsdl4j-1.6.3.jar;C:\Users\kevin\.m2\repository\com\io7m\xom\xom\1.2.10\xom-1.2.10.jar;C:\Users\kevin\.m2\repository\org\cryptacular\cryptacular\1.2.4\cryptacular-1.2.4.jar;C:\Users\kevin\.m2\repository\org\opensaml\opensaml-core\3.3.1\opensaml-core-3.3.1.jar;C:\Users\kevin\.m2\repository\org\opensaml\opensaml-profile-api\3.3.1\opensaml-profile-api-3.3.1.jar;C:\Users\kevin\.m2\repository\org\opensaml\opensaml-saml-api\3.3.1\opensaml-saml-api-3.3.1.jar;C:\Users\kevin\.m2\repository\org\opensaml\opensaml-saml-impl\3.3.1\opensaml-saml-impl-3.3.1.jar;C:\Users\kevin\.m2\repository\org\opensaml\opensaml-security-api\3.3.1\opensaml-security-api-3.3.1.jar;C:\Users\kevin\.m2\repository\org\opensaml\opensaml-security-impl\3.3.1\opensaml-security-impl-3.3.1.jar;C:\Users\kevin\.m2\repository\org\opensaml\opensaml-soap-api\3.3.1\opensaml-soap-api-3.3.1.jar;C:\Users\kevin\.m2\repository\org\opensaml\opensaml-xacml-api\3.3.1\opensaml-xacml-api-3.3.1.jar;C:\Users\kevin\.m2\repository\org\opensaml\opensaml-xacml-impl\3.3.1\opensaml-xacml-impl-3.3.1.jar;C:\Users\kevin\.m2\repository\org\opensaml\opensaml-xacml-saml-api\3.3.1\opensaml-xacml-saml-api-3.3.1.jar;C:\Users\kevin\.m2\repository\org\opensaml\opensaml-xacml-saml-impl\3.3.1\opensaml-xacml-saml-impl-3.3.1.jar;C:\Users\kevin\.m2\repository\org\opensaml\opensaml-xmlsec-api\3.3.1\opensaml-xmlsec-api-3.3.1.jar;C:\Users\kevin\.m2\repository\org\opensaml\opensaml-xmlsec-impl\3.3.1\opensaml-xmlsec-impl-3.3.1.jar;C:\Users\kevin\.m2\repository\net\shibboleth\utilities\java-support\7.3.0\java-support-7.3.0.jar;C:\Users\kevin\.m2\repository\org\jboss\activemq\artemis\integration\artemis-wildfly-integration\1.0.2\artemis-wildfly-integration-1.0.2.jar;C:\Users\kevin\.m2\repository\org\apache\activemq\artemis-amqp-protocol\2.16.0\artemis-amqp-protocol-2.16.0.jar;C:\Users\kevin\.m2\repository\org\apache\activemq\artemis-cli\2.16.0\artemis-cli-2.16.0.jar;C:\Users\kevin\.m2\repository\org\apache\activemq\artemis-commons\2.16.0\artemis-commons-2.16.0.jar;C:\Users\kevin\.m2\repository\org\apache\activemq\artemis-core-client\2.16.0\artemis-core-client-2.16.0.jar;C:\Users\kevin\.m2\repository\org\apache\activemq\artemis-dto\2.16.0\artemis-dto-2.16.0.jar;C:\Users\kevin\.m2\repository\org\apache\activemq\artemis-hornetq-protocol\2.16.0\artemis-hornetq-protocol-2.16.0.jar;C:\Users\kevin\.m2\repository\org\apache\activemq\artemis-hqclient-protocol\2.16.0\artemis-hqclient-protocol-2.16.0.jar;C:\Users\kevin\.m2\repository\org\apache\activemq\artemis-jdbc-store\2.16.0\artemis-jdbc-store-2.16.0.jar;C:\Users\kevin\.m2\repository\org\apache\activemq\artemis-jms-client\2.16.0\artemis-jms-client-2.16.0.jar;C:\Users\kevin\.m2\repository\org\apache\activemq\artemis-jms-server\2.16.0\artemis-jms-server-2.16.0.jar;C:\Users\kevin\.m2\repository\org\apache\activemq\artemis-journal\2.16.0\artemis-journal-2.16.0.jar;C:\Users\kevin\.m2\repository\org\apache\activemq\activemq-artemis-native\1.0.2\activemq-artemis-native-1.0.2.jar;C:\Users\kevin\.m2\repository\org\apache\activemq\artemis-ra\2.16.0\artemis-ra-2.16.0.jar;C:\Users\kevin\.m2\repository\org\apache\activemq\artemis-selector\2.16.0\artemis-selector-2.16.0.jar;C:\Users\kevin\.m2\repository\org\apache\activemq\artemis-server\2.16.0\artemis-server-2.16.0.jar;C:\Users\kevin\.m2\repository\org\apache\activemq\artemis-service-extensions\2.16.0\artemis-service-extensions-2.16.0.jar;C:\Users\kevin\.m2\repository\org\apache\activemq\artemis-stomp-protocol\2.16.0\artemis-stomp-protocol-2.16.0.jar;C:\Users\kevin\.m2\repository\org\apache\activemq\artemis-tools\2.16.0\artemis-tools-2.16.0.jar;C:\Users\kevin\.m2\repository\org\apache\httpcomponents\httpclient\4.5.13\httpclient-4.5.13.jar;C:\Users\kevin\.m2\repository\org\apache\httpcomponents\httpcore\4.4.14\httpcore-4.4.14.jar;C:\Users\kevin\.m2\repository\org\apache\httpcomponents\httpcore-nio\4.4.14\httpcore-nio-4.4.14.jar;C:\Users\kevin\.m2\repository\org\apache\httpcomponents\httpasyncclient\4.1.4\httpasyncclient-4.1.4.jar;C:\Users\kevin\.m2\repository\org\apache\httpcomponents\httpmime\4.5.13\httpmime-4.5.13.jar;C:\Users\kevin\.m2\repository\org\apache\james\apache-mime4j\0.6\apache-mime4j-0.6.jar;C:\Users\kevin\.m2\repository\org\apache\lucene\lucene-analyzers-common\5.5.5\lucene-analyzers-common-5.5.5.jar;C:\Users\kevin\.m2\repository\org\apache\lucene\lucene-core\5.5.5\lucene-core-5.5.5.jar;C:\Users\kevin\.m2\repository\org\apache\lucene\lucene-facet\5.5.5\lucene-facet-5.5.5.jar;C:\Users\kevin\.m2\repository\org\apache\lucene\lucene-queryparser\5.5.5\lucene-queryparser-5.5.5.jar;C:\Users\kevin\.m2\repository\org\apache\lucene\lucene-queries\5.5.5\lucene-queries-5.5.5.jar;C:\Users\kevin\.m2\repository\org\apache\lucene\lucene-misc\5.5.5\lucene-misc-5.5.5.jar;C:\Users\kevin\.m2\repository\org\apache\lucene\lucene-backward-codecs\5.5.5\lucene-backward-codecs-5.5.5.jar;C:\Users\kevin\.m2\repository\org\apache\neethi\neethi\3.1.1\neethi-3.1.1.jar;C:\Users\kevin\.m2\repository\org\apache\qpid\proton-j\0.33.2\proton-j-0.33.2.jar;C:\Users\kevin\.m2\repository\org\apache\santuario\xmlsec\2.1.6\xmlsec-2.1.6.jar;C:\Users\kevin\.m2\repository\org\apache\ws\xmlschema\xmlschema-core\2.2.5\xmlschema-core-2.2.5.jar;C:\Users\kevin\.m2\repository\org\apache\velocity\velocity-engine-core\2.3\velocity-engine-core-2.3.jar;C:\Users\kevin\.m2\repository\org\apache\wss4j\wss4j-bindings\2.2.6\wss4j-bindings-2.2.6.jar;C:\Users\kevin\.m2\repository\org\apache\wss4j\wss4j-ws-security-common\2.2.6\wss4j-ws-security-common-2.2.6.jar;C:\Users\kevin\.m2\repository\org\apache\wss4j\wss4j-ws-security-dom\2.2.6\wss4j-ws-security-dom-2.2.6.jar;C:\Users\kevin\.m2\repository\org\apache\wss4j\wss4j-ws-security-stax\2.2.6\wss4j-ws-security-stax-2.2.6.jar;C:\Users\kevin\.m2\repository\org\apache\wss4j\wss4j-policy\2.2.6\wss4j-policy-2.2.6.jar;C:\Users\kevin\.m2\repository\org\apache\wss4j\wss4j-ws-security-policy-stax\2.2.6\wss4j-ws-security-policy-stax-2.2.6.jar;C:\Users\kevin\.m2\repository\org\bouncycastle\bcprov-jdk15on\1.68\bcprov-jdk15on-1.68.jar;C:\Users\kevin\.m2\repository\org\bouncycastle\bcmail-jdk15on\1.68\bcmail-jdk15on-1.68.jar;C:\Users\kevin\.m2\repository\org\bouncycastle\bcpkix-jdk15on\1.68\bcpkix-jdk15on-1.68.jar;C:\Users\kevin\.m2\repository\org\codehaus\jackson\jackson-core-asl\1.9.13.redhat-00007\jackson-core-asl-1.9.13.redhat-00007.jar;C:\Users\kevin\.m2\repository\org\codehaus\jackson\jackson-mapper-asl\1.9.13.redhat-00007\jackson-mapper-asl-1.9.13.redhat-00007.jar;C:\Users\kevin\.m2\repository\org\codehaus\jackson\jackson-jaxrs\1.9.13.redhat-00007\jackson-jaxrs-1.9.13.redhat-00007.jar;C:\Users\kevin\.m2\repository\org\codehaus\jackson\jackson-xc\1.9.13.redhat-00007\jackson-xc-1.9.13.redhat-00007.jar;C:\Users\kevin\.m2\repository\org\codehaus\jettison\jettison\1.4.0\jettison-1.4.0.jar;C:\Users\kevin\.m2\repository\net\bytebuddy\byte-buddy\1.9.11\byte-buddy-1.9.11.jar;C:\Users\kevin\.m2\repository\org\hibernate\hibernate-core\5.3.20.Final\hibernate-core-5.3.20.Final.jar;C:\Users\kevin\.m2\repository\org\hibernate\common\hibernate-commons-annotations\5.0.5.Final\hibernate-commons-annotations-5.0.5.Final.jar;C:\Users\kevin\.m2\repository\org\hibernate\validator\hibernate-validator\6.0.22.Final\hibernate-validator-6.0.22.Final.jar;C:\Users\kevin\.m2\repository\org\hibernate\validator\hibernate-validator-cdi\6.0.22.Final\hibernate-validator-cdi-6.0.22.Final.jar;C:\Users\kevin\.m2\repository\org\hibernate\hibernate-envers\5.3.20.Final\hibernate-envers-5.3.20.Final.jar;C:\Users\kevin\.m2\repository\org\hibernate\hibernate-search-engine\5.10.7.Final\hibernate-search-engine-5.10.7.Final.jar;C:\Users\kevin\.m2\repository\org\hibernate\hibernate-search-orm\5.10.7.Final\hibernate-search-orm-5.10.7.Final.jar;C:\Users\kevin\.m2\repository\org\hibernate\hibernate-search-backend-jms\5.10.7.Final\hibernate-search-backend-jms-5.10.7.Final.jar;C:\Users\kevin\.m2\repository\org\hibernate\hibernate-search-serialization-avro\5.10.7.Final\hibernate-search-serialization-avro-5.10.7.Final.jar;C:\Users\kevin\.m2\repository\org\wildfly\wildfly-ormtransformer\23.0.1.Final\wildfly-ormtransformer-23.0.1.Final.jar;C:\Users\kevin\.m2\repository\org\hornetq\hornetq-commons\2.4.7.Final\hornetq-commons-2.4.7.Final.jar;C:\Users\kevin\.m2\repository\org\hornetq\hornetq-core-client\2.4.7.Final\hornetq-core-client-2.4.7.Final.jar;C:\Users\kevin\.m2\repository\org\hornetq\hornetq-jms-client\2.4.7.Final\hornetq-jms-client-2.4.7.Final.jar;C:\Users\kevin\.m2\repository\org\infinispan\infinispan-cachestore-jdbc\11.0.9.Final\infinispan-cachestore-jdbc-11.0.9.Final.jar;C:\Users\kevin\.m2\repository\org\infinispan\infinispan-cachestore-remote\11.0.9.Final\infinispan-cachestore-remote-11.0.9.Final.jar;C:\Users\kevin\.m2\repository\org\infinispan\infinispan-client-hotrod\11.0.9.Final\infinispan-client-hotrod-11.0.9.Final.jar;C:\Users\kevin\.m2\repository\org\infinispan\infinispan-commons\11.0.9.Final\infinispan-commons-11.0.9.Final.jar;C:\Users\kevin\.m2\repository\org\infinispan\infinispan-component-annotations\11.0.9.Final\infinispan-component-annotations-11.0.9.Final.jar;C:\Users\kevin\.m2\repository\org\infinispan\infinispan-core\11.0.9.Final\infinispan-core-11.0.9.Final.jar;C:\Users\kevin\.m2\repository\org\infinispan\infinispan-hibernate-cache-commons\11.0.9.Final\infinispan-hibernate-cache-commons-11.0.9.Final.jar;C:\Users\kevin\.m2\repository\org\infinispan\infinispan-hibernate-cache-spi\11.0.9.Final\infinispan-hibernate-cache-spi-11.0.9.Final.jar;C:\Users\kevin\.m2\repository\org\infinispan\infinispan-hibernate-cache-v51\11.0.9.Final\infinispan-hibernate-cache-v51-11.0.9.Final.jar;C:\Users\kevin\.m2\repository\org\infinispan\infinispan-hibernate-cache-v53\11.0.9.Final\infinispan-hibernate-cache-v53-11.0.9.Final.jar;C:\Users\kevin\.m2\repository\org\infinispan\protostream\protostream\4.3.5.Final\protostream-4.3.5.Final.jar;C:\Users\kevin\.m2\repository\org\javassist\javassist\3.23.2-GA\javassist-3.23.2-GA.jar;C:\Users\kevin\.m2\repository\org\jasypt\jasypt\1.9.3\jasypt-1.9.3.jar;C:\Users\kevin\.m2\repository\org\jberet\jberet-core\1.3.7.Final\jberet-core-1.3.7.Final.jar;C:\Users\kevin\.m2\repository\org\jboss\jboss-iiop-client\1.0.1.Final\jboss-iiop-client-1.0.1.Final.jar;C:\Users\kevin\.m2\repository\org\jvnet\staxex\stax-ex\1.8.3\stax-ex-1.8.3.jar;C:\Users\kevin\.m2\repository\org\reactivestreams\reactive-streams\1.0.3\reactive-streams-1.0.3.jar;C:\Users\kevin\.m2\repository\org\wildfly\wildfly-appclient\23.0.1.Final\wildfly-appclient-23.0.1.Final.jar;C:\Users\kevin\.m2\repository\org\wildfly\core\wildfly-cli\15.0.1.Final\wildfly-cli-15.0.1.Final-client.jar;C:\Users\kevin\.m2\repository\org\wildfly\core\wildfly-version\15.0.1.Final\wildfly-version-15.0.1.Final.jar;C:\Users\kevin\.m2\repository\org\wildfly\wildfly-client-all\23.0.1.Final\wildfly-client-all-23.0.1.Final.jar;C:\Users\kevin\.m2\repository\org\wildfly\wildfly-clustering-api\23.0.1.Final\wildfly-clustering-api-23.0.1.Final.jar;C:\Users\kevin\.m2\repository\org\wildfly\wildfly-clustering-common\23.0.1.Final\wildfly-clustering-common-23.0.1.Final.jar;C:\Users\kevin\.m2\repository\org\wildfly\wildfly-clustering-ee-cache\23.0.1.Final\wildfly-clustering-ee-cache-23.0.1.Final.jar;C:\Users\kevin\.m2\repository\org\wildfly\wildfly-clustering-ee-hotrod\23.0.1.Final\wildfly-clustering-ee-hotrod-23.0.1.Final.jar;C:\Users\kevin\.m2\repository\org\wildfly\wildfly-clustering-ee-infinispan\23.0.1.Final\wildfly-clustering-ee-infinispan-23.0.1.Final.jar;C:\Users\kevin\.m2\repository\org\wildfly\wildfly-clustering-ee-spi\23.0.1.Final\wildfly-clustering-ee-spi-23.0.1.Final.jar;C:\Users\kevin\.m2\repository\org\wildfly\wildfly-clustering-ejb-infinispan\23.0.1.Final\wildfly-clustering-ejb-infinispan-23.0.1.Final.jar;C:\Users\kevin\.m2\repository\org\wildfly\wildfly-clustering-ejb-spi\23.0.1.Final\wildfly-clustering-ejb-spi-23.0.1.Final.jar;C:\Users\kevin\.m2\repository\org\wildfly\wildfly-clustering-infinispan-client\23.0.1.Final\wildfly-clustering-infinispan-client-23.0.1.Final.jar;C:\Users\kevin\.m2\repository\org\wildfly\wildfly-clustering-infinispan-extension\23.0.1.Final\wildfly-clustering-infinispan-extension-23.0.1.Final.jar;C:\Users\kevin\.m2\repository\org\wildfly\wildfly-clustering-infinispan-marshalling\23.0.1.Final\wildfly-clustering-infinispan-marshalling-23.0.1.Final.jar;C:\Users\kevin\.m2\repository\org\wildfly\wildfly-clustering-infinispan-spi\23.0.1.Final\wildfly-clustering-infinispan-spi-23.0.1.Final.jar;C:\Users\kevin\.m2\repository\org\wildfly\wildfly-clustering-jgroups-api\23.0.1.Final\wildfly-clustering-jgroups-api-23.0.1.Final.jar;C:\Users\kevin\.m2\repository\org\wildfly\wildfly-clustering-jgroups-extension\23.0.1.Final\wildfly-clustering-jgroups-extension-23.0.1.Final.jar;C:\Users\kevin\.m2\repository\org\wildfly\wildfly-clustering-jgroups-spi\23.0.1.Final\wildfly-clustering-jgroups-spi-23.0.1.Final.jar;C:\Users\kevin\.m2\repository\org\wildfly\wildfly-clustering-marshalling-api\23.0.1.Final\wildfly-clustering-marshalling-api-23.0.1.Final.jar;C:\Users\kevin\.m2\repository\org\wildfly\wildfly-clustering-marshalling-jboss\23.0.1.Final\wildfly-clustering-marshalling-jboss-23.0.1.Final.jar;C:\Users\kevin\.m2\repository\org\wildfly\wildfly-clustering-marshalling-protostream\23.0.1.Final\wildfly-clustering-marshalling-protostream-23.0.1.Final.jar;C:\Users\kevin\.m2\repository\org\wildfly\wildfly-clustering-marshalling-spi\23.0.1.Final\wildfly-clustering-marshalling-spi-23.0.1.Final.jar;C:\Users\kevin\.m2\repository\org\wildfly\wildfly-clustering-service\23.0.1.Final\wildfly-clustering-service-23.0.1.Final.jar;C:\Users\kevin\.m2\repository\org\wildfly\wildfly-clustering-server\23.0.1.Final\wildfly-clustering-server-23.0.1.Final.jar;C:\Users\kevin\.m2\repository\org\wildfly\wildfly-clustering-singleton-api\23.0.1.Final\wildfly-clustering-singleton-api-23.0.1.Final.jar;C:\Users\kevin\.m2\repository\org\wildfly\wildfly-clustering-singleton-extension\23.0.1.Final\wildfly-clustering-singleton-extension-23.0.1.Final.jar;C:\Users\kevin\.m2\repository\org\wildfly\wildfly-clustering-spi\23.0.1.Final\wildfly-clustering-spi-23.0.1.Final.jar;C:\Users\kevin\.m2\repository\org\wildfly\wildfly-clustering-web-api\23.0.1.Final\wildfly-clustering-web-api-23.0.1.Final.jar;C:\Users\kevin\.m2\repository\org\wildfly\wildfly-clustering-web-cache\23.0.1.Final\wildfly-clustering-web-cache-23.0.1.Final.jar;C:\Users\kevin\.m2\repository\org\wildfly\wildfly-clustering-web-container\23.0.1.Final\wildfly-clustering-web-container-23.0.1.Final.jar;C:\Users\kevin\.m2\repository\org\wildfly\wildfly-clustering-web-extension\23.0.1.Final\wildfly-clustering-web-extension-23.0.1.Final.jar;C:\Users\kevin\.m2\repository\org\wildfly\wildfly-clustering-web-hotrod\23.0.1.Final\wildfly-clustering-web-hotrod-23.0.1.Final.jar;C:\Users\kevin\.m2\repository\org\wildfly\wildfly-clustering-web-infinispan\23.0.1.Final\wildfly-clustering-web-infinispan-23.0.1.Final.jar;C:\Users\kevin\.m2\repository\org\wildfly\wildfly-clustering-web-spi\23.0.1.Final\wildfly-clustering-web-spi-23.0.1.Final.jar;C:\Users\kevin\.m2\repository\org\wildfly\wildfly-clustering-web-undertow\23.0.1.Final\wildfly-clustering-web-undertow-23.0.1.Final.jar;C:\Users\kevin\.m2\repository\org\jboss\hal\hal-console\3.3.1.Final\hal-console-3.3.1.Final-resources.jar;C:\Users\kevin\.m2\repository\org\wildfly\wildfly-batch-jberet\23.0.1.Final\wildfly-batch-jberet-23.0.1.Final.jar;C:\Users\kevin\.m2\repository\org\wildfly\wildfly-bean-validation\23.0.1.Final\wildfly-bean-validation-23.0.1.Final.jar;C:\Users\kevin\.m2\repository\org\wildfly\wildfly-connector\23.0.1.Final\wildfly-connector-23.0.1.Final.jar;C:\Users\kevin\.m2\repository\org\wildfly\discovery\wildfly-discovery-client\1.2.1.Final\wildfly-discovery-client-1.2.1.Final.jar;C:\Users\kevin\.m2\repository\org\wildfly\wildfly-ee-security\23.0.1.Final\wildfly-ee-security-23.0.1.Final.jar;C:\Users\kevin\.m2\repository\org\wildfly\wildfly-ejb3\23.0.1.Final\wildfly-ejb3-23.0.1.Final.jar;C:\Users\kevin\.m2\repository\org\wildfly\wildfly-health\23.0.1.Final\wildfly-health-23.0.1.Final.jar;C:\Users\kevin\.m2\repository\org\wildfly\wildfly-jaxrs\23.0.1.Final\wildfly-jaxrs-23.0.1.Final.jar;C:\Users\kevin\.m2\repository\org\wildfly\wildfly-jdr\23.0.1.Final\wildfly-jdr-23.0.1.Final.jar;C:\Users\kevin\.m2\repository\org\wildfly\wildfly-jsf\23.0.1.Final\wildfly-jsf-23.0.1.Final.jar;C:\Users\kevin\.m2\repository\org\wildfly\wildfly-jsf-injection\23.0.1.Final\wildfly-jsf-injection-23.0.1.Final.jar;C:\Users\kevin\.m2\repository\org\wildfly\wildfly-iiop-openjdk\23.0.1.Final\wildfly-iiop-openjdk-23.0.1.Final.jar;C:\Users\kevin\.m2\repository\org\wildfly\wildfly-mail\23.0.1.Final\wildfly-mail-23.0.1.Final.jar;C:\Users\kevin\.m2\repository\org\wildfly\wildfly-messaging-activemq\23.0.1.Final\wildfly-messaging-activemq-23.0.1.Final.jar;C:\Users\kevin\.m2\repository\org\wildfly\wildfly-metrics\23.0.1.Final\wildfly-metrics-23.0.1.Final.jar;C:\Users\kevin\.m2\repository\org\wildfly\wildfly-mod_cluster-extension\23.0.1.Final\wildfly-mod_cluster-extension-23.0.1.Final.jar;C:\Users\kevin\.m2\repository\org\wildfly\wildfly-mod_cluster-undertow\23.0.1.Final\wildfly-mod_cluster-undertow-23.0.1.Final.jar;C:\Users\kevin\.m2\repository\org\wildfly\wildfly-naming-client\1.0.14.Final\wildfly-naming-client-1.0.14.Final.jar;C:\Users\kevin\.m2\repository\org\wildfly\wildfly-pojo\23.0.1.Final\wildfly-pojo-23.0.1.Final.jar;C:\Users\kevin\.m2\repository\org\wildfly\wildfly-sar\23.0.1.Final\wildfly-sar-23.0.1.Final.jar;C:\Users\kevin\.m2\repository\org\wildfly\wildfly-transactions\23.0.1.Final\wildfly-transactions-23.0.1.Final.jar;C:\Users\kevin\.m2\repository\org\wildfly\transaction\wildfly-transaction-client\1.1.13.Final\wildfly-transaction-client-1.1.13.Final.jar;C:\Users\kevin\.m2\repository\org\wildfly\wildfly-weld\23.0.1.Final\wildfly-weld-23.0.1.Final.jar;C:\Users\kevin\.m2\repository\org\wildfly\wildfly-weld-spi\23.0.1.Final\wildfly-weld-spi-23.0.1.Final.jar;C:\Users\kevin\.m2\repository\org\wildfly\wildfly-weld-common\23.0.1.Final\wildfly-weld-common-23.0.1.Final.jar;C:\Users\kevin\.m2\repository\org\wildfly\wildfly-weld-ejb\23.0.1.Final\wildfly-weld-ejb-23.0.1.Final.jar;C:\Users\kevin\.m2\repository\org\wildfly\wildfly-weld-jpa\23.0.1.Final\wildfly-weld-jpa-23.0.1.Final.jar;C:\Users\kevin\.m2\repository\org\wildfly\wildfly-weld-bean-validation\23.0.1.Final\wildfly-weld-bean-validation-23.0.1.Final.jar;C:\Users\kevin\.m2\repository\org\wildfly\wildfly-weld-webservices\23.0.1.Final\wildfly-weld-webservices-23.0.1.Final.jar;C:\Users\kevin\.m2\repository\org\wildfly\wildfly-weld-transactions\23.0.1.Final\wildfly-weld-transactions-23.0.1.Final.jar;C:\Users\kevin\.m2\repository\org\wildfly\wildfly-webservices-server-integration\23.0.1.Final\wildfly-webservices-server-integration-23.0.1.Final.jar;C:\Users\kevin\.m2\repository\org\wildfly\wildfly-xts\23.0.1.Final\wildfly-xts-23.0.1.Final.jar;C:\Users\kevin\.m2\repository\org\jboss\ws\cxf\jbossws-cxf-transports-undertow\5.4.3.Final\jbossws-cxf-transports-undertow-5.4.3.Final.jar;C:\Users\kevin\.m2\repository\org\jboss\ws\projects\jaxws-undertow-httpspi\1.0.1.Final\jaxws-undertow-httpspi-1.0.1.Final.jar;C:\Users\kevin\.m2\repository\org\apache\taglibs\taglibs-standard-spec\1.2.6-RC1\taglibs-standard-spec-1.2.6-RC1.jar;C:\Users\kevin\.m2\repository\org\apache\taglibs\taglibs-standard-impl\1.2.6-RC1\taglibs-standard-impl-1.2.6-RC1.jar;C:\Users\kevin\.m2\repository\org\apache\taglibs\taglibs-standard-compat\1.2.6-RC1\taglibs-standard-compat-1.2.6-RC1.jar;C:\Users\kevin\.m2\repository\xml-resolver\xml-resolver\1.2\xml-resolver-1.2.jar;C:\Users\kevin\.m2\repository\com\sun\mail\jakarta.mail\1.6.5\jakarta.mail-1.6.5.jar;C:\Users\kevin\.m2\repository\jakarta\persistence\jakarta.persistence-api\2.2.3\jakarta.persistence-api-2.2.3.jar;C:\Users\kevin\.m2\repository\jakarta\security\enterprise\jakarta.security.enterprise-api\1.0.2\jakarta.security.enterprise-api-1.0.2.jar;C:\Users\kevin\.m2\repository\javax\jws\jsr181-api\1.0-MR1\jsr181-api-1.0-MR1.jar;C:\Users\kevin\.m2\repository\org\jboss\spec\javax\batch\jboss-batch-api_1.0_spec\2.0.0.Final\jboss-batch-api_1.0_spec-2.0.0.Final.jar;C:\Users\kevin\.m2\repository\org\jboss\spec\javax\ejb\jboss-ejb-api_3.2_spec\2.0.0.Final\jboss-ejb-api_3.2_spec-2.0.0.Final.jar;C:\Users\kevin\.m2\repository\org\jboss\spec\javax\faces\jboss-jsf-api_2.3_spec\3.0.0.SP04\jboss-jsf-api_2.3_spec-3.0.0.SP04.jar;C:\Users\kevin\.m2\repository\org\jboss\spec\javax\jms\jboss-jms-api_2.0_spec\2.0.0.Final\jboss-jms-api_2.0_spec-2.0.0.Final.jar;C:\Users\kevin\.m2\repository\org\jboss\spec\javax\resource\jboss-connector-api_1.7_spec\2.0.0.Final\jboss-connector-api_1.7_spec-2.0.0.Final.jar;C:\Users\kevin\.m2\repository\org\jboss\spec\javax\ws\rs\jboss-jaxrs-api_2.1_spec\2.0.1.Final\jboss-jaxrs-api_2.1_spec-2.0.1.Final.jar;C:\Users\kevin\.m2\repository\org\jboss\spec\javax\xml\bind\jboss-jaxb-api_2.3_spec\2.0.1.Final\jboss-jaxb-api_2.3_spec-2.0.1.Final.jar;C:\Users\kevin\.m2\repository\org\jboss\spec\javax\xml\soap\jboss-saaj-api_1.4_spec\1.0.2.Final\jboss-saaj-api_1.4_spec-1.0.2.Final.jar;C:\Users\kevin\.m2\repository\org\jboss\spec\javax\xml\ws\jboss-jaxws-api_2.3_spec\2.0.0.Final\jboss-jaxws-api_2.3_spec-2.0.0.Final.jar;C:\Users\kevin\.m2\repository\io\agroal\agroal-api\1.3\agroal-api-1.3.jar;C:\Users\kevin\.m2\repository\io\agroal\agroal-narayana\1.3\agroal-narayana-1.3.jar;C:\Users\kevin\.m2\repository\io\agroal\agroal-pool\1.3\agroal-pool-1.3.jar;C:\Users\kevin\.m2\repository\org\jboss\spec\javax\management\j2ee\jboss-j2eemgmt-api_1.1_spec\2.0.0.Final\jboss-j2eemgmt-api_1.1_spec-2.0.0.Final.jar;C:\Users\kevin\.m2\repository\org\jboss\spec\javax\xml\rpc\jboss-jaxrpc-api_1.1_spec\2.0.0.Final\jboss-jaxrpc-api_1.1_spec-2.0.0.Final.jar;C:\Users\kevin\.m2\repository\org\wildfly\jipijapa-eclipselink\23.0.1.Final\jipijapa-eclipselink-23.0.1.Final.jar;C:\Users\kevin\.m2\repository\org\wildfly\jipijapa-hibernate4-1\23.0.1.Final\jipijapa-hibernate4-1-23.0.1.Final.jar;C:\Users\kevin\.m2\repository\org\wildfly\jipijapa-hibernate4-3\23.0.1.Final\jipijapa-hibernate4-3-23.0.1.Final.jar;C:\Users\kevin\.m2\repository\org\wildfly\jipijapa-hibernate5\23.0.1.Final\jipijapa-hibernate5-23.0.1.Final.jar;C:\Users\kevin\.m2\repository\org\wildfly\jipijapa-openjpa\23.0.1.Final\jipijapa-openjpa-23.0.1.Final.jar;C:\Users\kevin\.m2\repository\org\picketlink\picketlink-api\2.5.5.SP12-redhat-00009\picketlink-api-2.5.5.SP12-redhat-00009.jar;C:\Users\kevin\.m2\repository\org\picketlink\picketlink-common\2.5.5.SP12-redhat-00009\picketlink-common-2.5.5.SP12-redhat-00009.jar;C:\Users\kevin\.m2\repository\org\picketlink\picketlink-config\2.5.5.SP12-redhat-00009\picketlink-config-2.5.5.SP12-redhat-00009.jar;C:\Users\kevin\.m2\repository\org\picketlink\picketlink-federation\2.5.5.SP12-redhat-00009\picketlink-federation-2.5.5.SP12-redhat-00009.jar;C:\Users\kevin\.m2\repository\org\picketlink\picketlink-idm-api\2.5.5.SP12-redhat-00009\picketlink-idm-api-2.5.5.SP12-redhat-00009.jar;C:\Users\kevin\.m2\repository\org\picketlink\picketlink-idm-impl\2.5.5.SP12-redhat-00009\picketlink-idm-impl-2.5.5.SP12-redhat-00009.jar;C:\Users\kevin\.m2\repository\org\picketlink\picketlink-idm-simple-schema\2.5.5.SP12-redhat-00009\picketlink-idm-simple-schema-2.5.5.SP12-redhat-00009.jar;C:\Users\kevin\.m2\repository\org\picketlink\picketlink-impl\2.5.5.SP12-redhat-00009\picketlink-impl-2.5.5.SP12-redhat-00009.jar;C:\Users\kevin\.m2\repository\org\picketlink\distribution\picketlink-wildfly8\2.5.5.SP12-redhat-00012\picketlink-wildfly8-2.5.5.SP12-redhat-00012.jar;C:\Users\kevin\.m2\repository\org\wildfly\wildfly-cmp\23.0.1.Final\wildfly-cmp-23.0.1.Final.jar;C:\Users\kevin\.m2\repository\org\wildfly\wildfly-configadmin\23.0.1.Final\wildfly-configadmin-23.0.1.Final.jar;C:\Users\kevin\.m2\repository\org\wildfly\wildfly-datasources-agroal\23.0.1.Final\wildfly-datasources-agroal-23.0.1.Final.jar;C:\Users\kevin\.m2\repository\org\wildfly\wildfly-jacorb\23.0.1.Final\wildfly-jacorb-23.0.1.Final.jar;C:\Users\kevin\.m2\repository\org\wildfly\wildfly-jaxr\23.0.1.Final\wildfly-jaxr-23.0.1.Final.jar;C:\Users\kevin\.m2\repository\org\wildfly\wildfly-jsr77\23.0.1.Final\wildfly-jsr77-23.0.1.Final.jar;C:\Users\kevin\.m2\repository\org\wildfly\wildfly-messaging\23.0.1.Final\wildfly-messaging-23.0.1.Final.jar;C:\Users\kevin\.m2\repository\org\wildfly\wildfly-security-vault-tool\23.0.1.Final\wildfly-security-vault-tool-23.0.1.Final.jar;C:\Users\kevin\.m2\repository\org\wildfly\wildfly-picketlink\23.0.1.Final\wildfly-picketlink-23.0.1.Final.jar;C:\Users\kevin\.m2\repository\org\wildfly\wildfly-web\23.0.1.Final\wildfly-web-23.0.1.Final.jar;C:\Users\kevin\.m2\repository\org\wildfly\plugins\wildfly-maven-plugin\2.1.0.Beta1\wildfly-maven-plugin-2.1.0.Beta1.jar;C:\Users\kevin\.m2\repository\javax\inject\javax.inject\1\javax.inject-1.jar;C:\Users\kevin\.m2\repository\org\apache\commons\commons-compress\1.19\commons-compress-1.19.jar;C:\Users\kevin\.m2\repository\org\apache\maven\maven-core\3.3.1\maven-core-3.3.1.jar;C:\Users\kevin\.m2\repository\org\apache\maven\maven-model\3.3.1\maven-model-3.3.1.jar;C:\Users\kevin\.m2\repository\org\apache\maven\maven-settings\3.3.1\maven-settings-3.3.1.jar;C:\Users\kevin\.m2\repository\org\apache\maven\maven-settings-builder\3.3.1\maven-settings-builder-3.3.1.jar;C:\Users\kevin\.m2\repository\org\apache\maven\maven-builder-support\3.3.1\maven-builder-support-3.3.1.jar;C:\Users\kevin\.m2\repository\org\apache\maven\maven-repository-metadata\3.3.1\maven-repository-metadata-3.3.1.jar;C:\Users\kevin\.m2\repository\org\apache\maven\maven-artifact\3.3.1\maven-artifact-3.3.1.jar;C:\Users\kevin\.m2\repository\org\apache\maven\maven-model-builder\3.3.1\maven-model-builder-3.3.1.jar;C:\Users\kevin\.m2\repository\org\apache\maven\maven-aether-provider\3.3.1\maven-aether-provider-3.3.1.jar;C:\Users\kevin\.m2\repository\org\eclipse\aether\aether-spi\1.0.2.v20150114\aether-spi-1.0.2.v20150114.jar;C:\Users\kevin\.m2\repository\org\eclipse\aether\aether-impl\1.0.2.v20150114\aether-impl-1.0.2.v20150114.jar;C:\Users\kevin\.m2\repository\org\eclipse\aether\aether-util\1.0.2.v20150114\aether-util-1.0.2.v20150114.jar;C:\Users\kevin\.m2\repository\org\eclipse\sisu\org.eclipse.sisu.plexus\0.3.0\org.eclipse.sisu.plexus-0.3.0.jar;C:\Users\kevin\.m2\repository\javax\enterprise\cdi-api\1.0\cdi-api-1.0.jar;C:\Users\kevin\.m2\repository\javax\annotation\jsr250-api\1.0\jsr250-api-1.0.jar;C:\Users\kevin\.m2\repository\org\eclipse\sisu\org.eclipse.sisu.inject\0.3.0\org.eclipse.sisu.inject-0.3.0.jar;C:\Users\kevin\.m2\repository\org\sonatype\sisu\sisu-guice\3.2.5\sisu-guice-3.2.5-no_aop.jar;C:\Users\kevin\.m2\repository\aopalliance\aopalliance\1.0\aopalliance-1.0.jar;C:\Users\kevin\.m2\repository\org\codehaus\plexus\plexus-interpolation\1.21\plexus-interpolation-1.21.jar;C:\Users\kevin\.m2\repository\org\codehaus\plexus\plexus-utils\3.0.20\plexus-utils-3.0.20.jar;C:\Users\kevin\.m2\repository\org\codehaus\plexus\plexus-classworlds\2.5.2\plexus-classworlds-2.5.2.jar;C:\Users\kevin\.m2\repository\org\codehaus\plexus\plexus-component-annotations\1.5.5\plexus-component-annotations-1.5.5.jar;C:\Users\kevin\.m2\repository\org\sonatype\plexus\plexus-sec-dispatcher\1.3\plexus-sec-dispatcher-1.3.jar;C:\Users\kevin\.m2\repository\org\sonatype\plexus\plexus-cipher\1.4\plexus-cipher-1.4.jar;C:\Users\kevin\.m2\repository\org\apache\maven\maven-plugin-api\3.3.1\maven-plugin-api-3.3.1.jar;C:\Users\kevin\.m2\repository\org\eclipse\aether\aether-api\1.1.0\aether-api-1.1.0.jar;C:\Users\kevin\.m2\repository\org\jboss\jdf\stacks-client\1.0.3.Final\stacks-client-1.0.3.Final.jar;C:\Users\kevin\.m2\repository\org\wildfly\core\wildfly-cli\9.0.1.Final\wildfly-cli-9.0.1.Final.jar;C:\Users\kevin\.m2\repository\org\aesh\aesh-readline\1.17\aesh-readline-1.17.jar;C:\Users\kevin\.m2\repository\org\fusesource\jansi\jansi\1.18\jansi-1.18.jar;C:\Users\kevin\.m2\repository\org\aesh\aesh\2.3\aesh-2.3.jar;C:\Users\kevin\.m2\repository\org\aesh\aesh-extensions\1.7\aesh-extensions-1.7.jar;C:\Users\kevin\.m2\repository\org\jboss\staxmapper\1.3.0.Final\staxmapper-1.3.0.Final.jar;C:\Users\kevin\.m2\repository\org\jboss\modules\jboss-modules\1.9.1.Final\jboss-modules-1.9.1.Final.jar;C:\Users\kevin\.m2\repository\org\wildfly\common\wildfly-common\1.5.1.Final\wildfly-common-1.5.1.Final.jar;C:\Users\kevin\.m2\repository\org\wildfly\core\wildfly-embedded\9.0.1.Final\wildfly-embedded-9.0.1.Final.jar;C:\Users\kevin\.m2\repository\org\wildfly\security\wildfly-elytron\1.9.1.Final\wildfly-elytron-1.9.1.Final.jar;C:\Users\kevin\.m2\repository\org\jboss\logging\jboss-logging\3.4.0.Final\jboss-logging-3.4.0.Final.jar;C:\Users\kevin\.m2\repository\org\jboss\remoting\jboss-remoting\5.0.12.Final\jboss-remoting-5.0.12.Final.jar;C:\Users\kevin\.m2\repository\org\wildfly\client\wildfly-client-config\1.0.0.CR2\wildfly-client-config-1.0.0.CR2.jar;C:\Users\kevin\.m2\repository\org\jboss\remotingjmx\remoting-jmx\3.0.3.Final\remoting-jmx-3.0.3.Final.jar;C:\Users\kevin\.m2\repository\org\jboss\marshalling\jboss-marshalling\2.0.0.Final\jboss-marshalling-2.0.0.Final.jar;C:\Users\kevin\.m2\repository\org\jboss\marshalling\jboss-marshalling-river\2.0.0.Final\jboss-marshalling-river-2.0.0.Final.jar;C:\Users\kevin\.m2\repository\org\jboss\jboss-vfs\3.2.14.Final\jboss-vfs-3.2.14.Final.jar;C:\Users\kevin\.m2\repository\org\jboss\stdio\jboss-stdio\1.1.0.Final\jboss-stdio-1.1.0.Final.jar;C:\Users\kevin\.m2\repository\org\jboss\logmanager\jboss-logmanager\2.1.10.Final\jboss-logmanager-2.1.10.Final.jar;C:\Users\kevin\.m2\repository\org\wildfly\core\wildfly-controller-client\9.0.1.Final\wildfly-controller-client-9.0.1.Final.jar;C:\Users\kevin\.m2\repository\org\jboss\jboss-dmr\1.5.0.Final\jboss-dmr-1.5.0.Final.jar;C:\Users\kevin\.m2\repository\org\jboss\threads\jboss-threads\2.3.3.Final\jboss-threads-2.3.3.Final.jar;C:\Users\kevin\.m2\repository\org\wildfly\core\wildfly-launcher\9.0.1.Final\wildfly-launcher-9.0.1.Final.jar;C:\Users\kevin\.m2\repository\org\wildfly\core\wildfly-protocol\9.0.1.Final\wildfly-protocol-9.0.1.Final.jar;C:\Users\kevin\.m2\repository\org\jboss\xnio\xnio-api\3.7.2.Final\xnio-api-3.7.2.Final.jar;C:\Users\kevin\.m2\repository\org\jboss\xnio\xnio-nio\3.7.2.Final\xnio-nio-3.7.2.Final.jar;C:\Users\kevin\.m2\repository\org\wildfly\plugins\wildfly-plugin-core\2.1.0.Beta1\wildfly-plugin-core-2.1.0.Beta1.jar;"/>
    <property name="java.vm.vendor" value="Oracle Corporation"/>
    <property name="sun.arch.data.model" value="64"/>
    <property name="user.variant" value=""/>
    <property name="java.vendor.url" value="https://openjdk.java.net/"/>
    <property name="user.timezone" value="Europe/Berlin"/>
    <property name="java.vm.specification.version" value="11"/>
    <property name="os.name" value="Windows 10"/>
    <property name="sun.java.launcher" value="SUN_STANDARD"/>
    <property name="user.country" value="DE"/>
    <property name="sun.boot.library.path" value="C:\Program Files\Java\jdk1.8.0_291\bin"/>
    <property name="sun.java.command" value="C:\Users\kevin\AppData\Local\Temp\surefire8983214812157383075\surefirebooter12674978804023002384.jar C:\Users\kevin\AppData\Local\Temp\surefire8983214812157383075 2021-05-17T11-58-43_097-jvmRun1 surefire16206700284618743250tmp surefire_08488669366270419021tmp"/>
    <property name="jdk.debug" value="release"/>
    <property name="surefire.test.class.path" value="D:\Dropbox\1. Masterthesis\Dev\jakarta-ee-benchmark-wildfly\target\test-classes;D:\Dropbox\1. Masterthesis\Dev\jakarta-ee-benchmark-wildfly\target\classes;C:\Users\kevin\.m2\repository\junit\junit\4.11\junit-4.11.jar;C:\Users\kevin\.m2\repository\org\hamcrest\hamcrest-core\1.3\hamcrest-core-1.3.jar;C:\Users\kevin\.m2\repository\jakarta\platform\jakarta.jakartaee-api\8.0.0\jakarta.jakartaee-api-8.0.0.jar;C:\Users\kevin\.m2\repository\org\wildfly\wildfly-security-api\23.0.1.Final\wildfly-security-api-23.0.1.Final.jar;C:\Users\kevin\.m2\repository\org\wildfly\wildfly-system-jmx\23.0.1.Final\wildfly-system-jmx-23.0.1.Final.jar;C:\Users\kevin\.m2\repository\org\jboss\narayana\rts\restat-util\5.10.6.Final\restat-util-5.10.6.Final.jar;C:\Users\kevin\.m2\repository\antlr\antlr\2.7.7\antlr-2.7.7.jar;C:\Users\kevin\.m2\repository\org\ow2\asm\asm\7.1\asm-7.1.jar;C:\Users\kevin\.m2\repository\org\ow2\asm\asm-util\7.1\asm-util-7.1.jar;C:\Users\kevin\.m2\repository\com\fasterxml\classmate\1.5.1\classmate-1.5.1.jar;C:\Users\kevin\.m2\repository\com\fasterxml\jackson\core\jackson-core\2.12.1\jackson-core-2.12.1.jar;C:\Users\kevin\.m2\repository\com\fasterxml\jackson\core\jackson-annotations\2.12.1\jackson-annotations-2.12.1.jar;C:\Users\kevin\.m2\repository\com\fasterxml\jackson\core\jackson-databind\2.12.1\jackson-databind-2.12.1.jar;C:\Users\kevin\.m2\repository\com\fasterxml\jackson\jaxrs\jackson-jaxrs-json-provider\2.12.1\jackson-jaxrs-json-provider-2.12.1.jar;C:\Users\kevin\.m2\repository\com\fasterxml\jackson\jaxrs\jackson-jaxrs-base\2.12.1\jackson-jaxrs-base-2.12.1.jar;C:\Users\kevin\.m2\repository\com\fasterxml\jackson\module\jackson-module-jaxb-annotations\2.12.1\jackson-module-jaxb-annotations-2.12.1.jar;C:\Users\kevin\.m2\repository\com\fasterxml\jackson\datatype\jackson-datatype-jsr310\2.12.1\jackson-datatype-jsr310-2.12.1.jar;C:\Users\kevin\.m2\repository\com\fasterxml\jackson\datatype\jackson-datatype-jdk8\2.12.1\jackson-datatype-jdk8-2.12.1.jar;C:\Users\kevin\.m2\repository\com\sun\xml\bind\external\relaxng-datatype\2.3.3-b02\relaxng-datatype-2.3.3-b02.jar;C:\Users\kevin\.m2\repository\com\github\fge\btf\1.2\btf-1.2.jar;C:\Users\kevin\.m2\repository\com\github\fge\jackson-coreutils\1.8\jackson-coreutils-1.8.jar;C:\Users\kevin\.m2\repository\com\github\fge\json-patch\1.9\json-patch-1.9.jar;C:\Users\kevin\.m2\repository\com\github\fge\msg-simple\1.1\msg-simple-1.1.jar;C:\Users\kevin\.m2\repository\com\github\spullara\mustache\java\compiler\0.9.6\compiler-0.9.6.jar;C:\Users\kevin\.m2\repository\com\github\ben-manes\caffeine\caffeine\2.8.8\caffeine-2.8.8.jar;C:\Users\kevin\.m2\repository\com\google\code\gson\gson\2.8.6\gson-2.8.6.jar;C:\Users\kevin\.m2\repository\com\google\guava\guava\30.1-jre\guava-30.1-jre.jar;C:\Users\kevin\.m2\repository\com\google\guava\failureaccess\1.0.1\failureaccess-1.0.1.jar;C:\Users\kevin\.m2\repository\com\h2database\h2\1.4.197\h2-1.4.197.jar;C:\Users\kevin\.m2\repository\com\microsoft\azure\azure-storage\8.6.5\azure-storage-8.6.5.jar;C:\Users\kevin\.m2\repository\com\squareup\okhttp3\okhttp\3.9.0\okhttp-3.9.0.jar;C:\Users\kevin\.m2\repository\com\squareup\okio\okio\1.13.0\okio-1.13.0.jar;C:\Users\kevin\.m2\repository\com\sun\faces\jsf-impl\2.3.14.SP04\jsf-impl-2.3.14.SP04.jar;C:\Users\kevin\.m2\repository\com\sun\istack\istack-commons-runtime\3.0.10\istack-commons-runtime-3.0.10.jar;C:\Users\kevin\.m2\repository\com\sun\istack\istack-commons-tools\3.0.10\istack-commons-tools-3.0.10.jar;C:\Users\kevin\.m2\repository\org\glassfish\jaxb\jaxb-runtime\2.3.3-b02\jaxb-runtime-2.3.3-b02.jar;C:\Users\kevin\.m2\repository\org\glassfish\jaxb\jaxb-xjc\2.3.3-b02\jaxb-xjc-2.3.3-b02.jar;C:\Users\kevin\.m2\repository\org\glassfish\jaxb\jaxb-jxc\2.3.3-b02\jaxb-jxc-2.3.3-b02.jar;C:\Users\kevin\.m2\repository\org\glassfish\jaxb\codemodel\2.3.3-b02\codemodel-2.3.3-b02.jar;C:\Users\kevin\.m2\repository\org\glassfish\soteria\jakarta.security.enterprise\1.0.1-jbossorg-1\jakarta.security.enterprise-1.0.1-jbossorg-1.jar;C:\Users\kevin\.m2\repository\org\wildfly\wildfly-http-client\wildfly-http-ejb-client\1.1.5.Final\wildfly-http-ejb-client-1.1.5.Final.jar;C:\Users\kevin\.m2\repository\org\wildfly\wildfly-http-client\wildfly-http-client-common\1.1.5.Final\wildfly-http-client-common-1.1.5.Final.jar;C:\Users\kevin\.m2\repository\org\wildfly\wildfly-http-client\wildfly-http-naming-client\1.1.5.Final\wildfly-http-naming-client-1.1.5.Final.jar;C:\Users\kevin\.m2\repository\org\wildfly\wildfly-http-client\wildfly-http-transaction-client\1.1.5.Final\wildfly-http-transaction-client-1.1.5.Final.jar;C:\Users\kevin\.m2\repository\com\sun\xml\fastinfoset\FastInfoset\1.2.13\FastInfoset-1.2.13.jar;C:\Users\kevin\.m2\repository\com\sun\xml\messaging\saaj\saaj-impl\1.4.1.SP1\saaj-impl-1.4.1.SP1.jar;C:\Users\kevin\.m2\repository\org\glassfish\jaxb\txw2\2.3.3-b02\txw2-2.3.3-b02.jar;C:\Users\kevin\.m2\repository\com\sun\xml\bind\external\rngom\2.3.3-b02\rngom-2.3.3-b02.jar;C:\Users\kevin\.m2\repository\org\glassfish\jaxb\xsom\2.3.3-b02\xsom-2.3.3-b02.jar;C:\Users\kevin\.m2\repository\commons-beanutils\commons-beanutils\1.9.4\commons-beanutils-1.9.4.jar;C:\Users\kevin\.m2\repository\commons-cli\commons-cli\1.4\commons-cli-1.4.jar;C:\Users\kevin\.m2\repository\commons-codec\commons-codec\1.15\commons-codec-1.15.jar;C:\Users\kevin\.m2\repository\commons-collections\commons-collections\3.2.2\commons-collections-3.2.2.jar;C:\Users\kevin\.m2\repository\commons-io\commons-io\2.5\commons-io-2.5.jar;C:\Users\kevin\.m2\repository\commons-lang\commons-lang\2.6\commons-lang-2.6.jar;C:\Users\kevin\.m2\repository\org\dom4j\dom4j\2.1.3\dom4j-2.1.3.jar;C:\Users\kevin\.m2\repository\gnu\getopt\java-getopt\1.0.13\java-getopt-1.0.13.jar;C:\Users\kevin\.m2\repository\org\jboss\openjdk-orb\openjdk-orb\8.1.4.Final\openjdk-orb-8.1.4.Final.jar;C:\Users\kevin\.m2\repository\jaxen\jaxen\1.1.6\jaxen-1.1.6.jar;C:\Users\kevin\.m2\repository\jboss\jaxbintros\jboss-jaxb-intros\1.0.3.GA\jboss-jaxb-intros-1.0.3.GA.jar;C:\Users\kevin\.m2\repository\joda-time\joda-time\2.9.7\joda-time-2.9.7.jar;C:\Users\kevin\.m2\repository\org\jsoup\jsoup\1.8.3\jsoup-1.8.3.jar;C:\Users\kevin\.m2\repository\net\jcip\jcip-annotations\1.0\jcip-annotations-1.0.jar;C:\Users\kevin\.m2\repository\org\apache\avro\avro\1.7.6\avro-1.7.6.jar;C:\Users\kevin\.m2\repository\org\apache\commons\commons-lang3\3.11\commons-lang3-3.11.jar;C:\Users\kevin\.m2\repository\org\jboss\ws\jbossws-api\1.1.2.Final\jbossws-api-1.1.2.Final.jar;C:\Users\kevin\.m2\repository\org\jboss\ws\jbossws-common\3.3.3.Final\jbossws-common-3.3.3.Final.jar;C:\Users\kevin\.m2\repository\org\jboss\ws\jbossws-common-tools\1.3.2.Final\jbossws-common-tools-1.3.2.Final.jar;C:\Users\kevin\.m2\repository\org\jboss\ws\jbossws-spi\3.3.1.Final\jbossws-spi-3.3.1.Final.jar;C:\Users\kevin\.m2\repository\org\jboss\ws\cxf\jbossws-cxf-client\5.4.3.Final\jbossws-cxf-client-5.4.3.Final.jar;C:\Users\kevin\.m2\repository\org\jboss\ws\cxf\jbossws-cxf-jaspi\5.4.3.Final\jbossws-cxf-jaspi-5.4.3.Final.jar;C:\Users\kevin\.m2\repository\org\jboss\ws\cxf\jbossws-cxf-factories\5.4.3.Final\jbossws-cxf-factories-5.4.3.Final.jar;C:\Users\kevin\.m2\repository\org\jboss\ws\cxf\jbossws-cxf-resources\5.4.3.Final\jbossws-cxf-resources-5.4.3.Final-wildfly2000.jar;C:\Users\kevin\.m2\repository\org\jboss\ws\cxf\jbossws-cxf-server\5.4.3.Final\jbossws-cxf-server-5.4.3.Final.jar;C:\Users\kevin\.m2\repository\org\jboss\ws\cxf\jbossws-cxf-transports-udp\5.4.3.Final\jbossws-cxf-transports-udp-5.4.3.Final.jar;C:\Users\kevin\.m2\repository\org\apache\cxf\cxf-rt-bindings-coloc\3.3.10\cxf-rt-bindings-coloc-3.3.10.jar;C:\Users\kevin\.m2\repository\org\apache\cxf\cxf-rt-bindings-soap\3.3.10\cxf-rt-bindings-soap-3.3.10.jar;C:\Users\kevin\.m2\repository\org\apache\cxf\cxf-rt-bindings-xml\3.3.10\cxf-rt-bindings-xml-3.3.10.jar;C:\Users\kevin\.m2\repository\org\apache\cxf\cxf-core\3.3.10\cxf-core-3.3.10.jar;C:\Users\kevin\.m2\repository\org\apache\cxf\cxf-rt-features-logging\3.3.10\cxf-rt-features-logging-3.3.10.jar;C:\Users\kevin\.m2\repository\org\apache\cxf\cxf-rt-databinding-aegis\3.3.10\cxf-rt-databinding-aegis-3.3.10.jar;C:\Users\kevin\.m2\repository\org\apache\cxf\cxf-rt-databinding-jaxb\3.3.10\cxf-rt-databinding-jaxb-3.3.10.jar;C:\Users\kevin\.m2\repository\org\apache\cxf\cxf-rt-features-clustering\3.3.10\cxf-rt-features-clustering-3.3.10.jar;C:\Users\kevin\.m2\repository\org\apache\cxf\cxf-rt-frontend-jaxws\3.3.10\cxf-rt-frontend-jaxws-3.3.10.jar;C:\Users\kevin\.m2\repository\org\apache\cxf\cxf-rt-frontend-simple\3.3.10\cxf-rt-frontend-simple-3.3.10.jar;C:\Users\kevin\.m2\repository\org\apache\cxf\cxf-rt-management\3.3.10\cxf-rt-management-3.3.10.jar;C:\Users\kevin\.m2\repository\org\apache\cxf\cxf-rt-security\3.3.10\cxf-rt-security-3.3.10.jar;C:\Users\kevin\.m2\repository\org\apache\cxf\cxf-rt-security-saml\3.3.10\cxf-rt-security-saml-3.3.10.jar;C:\Users\kevin\.m2\repository\org\apache\cxf\cxf-rt-transports-http\3.3.10\cxf-rt-transports-http-3.3.10.jar;C:\Users\kevin\.m2\repository\org\apache\cxf\cxf-rt-transports-http-hc\3.3.10\cxf-rt-transports-http-hc-3.3.10.jar;C:\Users\kevin\.m2\repository\org\slf4j\slf4j-api\1.7.30\slf4j-api-1.7.30.jar;C:\Users\kevin\.m2\repository\javax\annotation\javax.annotation-api\1.3.2\javax.annotation-api-1.3.2.jar;C:\Users\kevin\.m2\repository\javax\xml\ws\jaxws-api\2.3.1\jaxws-api-2.3.1.jar;C:\Users\kevin\.m2\repository\javax\xml\soap\javax.xml.soap-api\1.4.0\javax.xml.soap-api-1.4.0.jar;C:\Users\kevin\.m2\repository\com\sun\activation\javax.activation\1.2.0\javax.activation-1.2.0.jar;C:\Users\kevin\.m2\repository\org\apache\geronimo\specs\geronimo-ws-metadata_2.0_spec\1.1.3\geronimo-ws-metadata_2.0_spec-1.1.3.jar;C:\Users\kevin\.m2\repository\org\jacorb\jacorb-omgapi\3.9\jacorb-omgapi-3.9.jar;C:\Users\kevin\.m2\repository\org\apache\geronimo\specs\geronimo-jta_1.1_spec\1.1.1\geronimo-jta_1.1_spec-1.1.1.jar;C:\Users\kevin\.m2\repository\org\jboss\spec\javax\rmi\jboss-rmi-api_1.0_spec\1.0.6.Final\jboss-rmi-api_1.0_spec-1.0.6.Final.jar;C:\Users\kevin\.m2\repository\org\apache\cxf\cxf-rt-transports-local\3.3.10\cxf-rt-transports-local-3.3.10.jar;C:\Users\kevin\.m2\repository\org\apache\cxf\cxf-rt-transports-jms\3.3.10\cxf-rt-transports-jms-3.3.10.jar;C:\Users\kevin\.m2\repository\org\apache\cxf\cxf-rt-wsdl\3.3.10\cxf-rt-wsdl-3.3.10.jar;C:\Users\kevin\.m2\repository\org\apache\cxf\cxf-rt-ws-addr\3.3.10\cxf-rt-ws-addr-3.3.10.jar;C:\Users\kevin\.m2\repository\org\apache\cxf\cxf-rt-ws-mex\3.3.10\cxf-rt-ws-mex-3.3.10.jar;C:\Users\kevin\.m2\repository\org\apache\cxf\cxf-rt-ws-policy\3.3.10\cxf-rt-ws-policy-3.3.10.jar;C:\Users\kevin\.m2\repository\org\apache\cxf\cxf-rt-ws-rm\3.3.10\cxf-rt-ws-rm-3.3.10.jar;C:\Users\kevin\.m2\repository\org\apache\cxf\cxf-rt-ws-security\3.3.10\cxf-rt-ws-security-3.3.10.jar;C:\Users\kevin\.m2\repository\org\apache\cxf\cxf-tools-common\3.3.10\cxf-tools-common-3.3.10.jar;C:\Users\kevin\.m2\repository\org\apache\cxf\cxf-tools-java2ws\3.3.10\cxf-tools-java2ws-3.3.10.jar;C:\Users\kevin\.m2\repository\org\apache\cxf\cxf-tools-validator\3.3.10\cxf-tools-validator-3.3.10.jar;C:\Users\kevin\.m2\repository\org\apache\cxf\cxf-tools-wsdlto-core\3.3.10\cxf-tools-wsdlto-core-3.3.10.jar;C:\Users\kevin\.m2\repository\org\apache\cxf\cxf-tools-wsdlto-databinding-jaxb\3.3.10\cxf-tools-wsdlto-databinding-jaxb-3.3.10.jar;C:\Users\kevin\.m2\repository\org\apache\cxf\cxf-tools-wsdlto-frontend-jaxws\3.3.10\cxf-tools-wsdlto-frontend-jaxws-3.3.10.jar;C:\Users\kevin\.m2\repository\org\apache\cxf\services\sts\cxf-services-sts-core\3.3.10\cxf-services-sts-core-3.3.10.jar;C:\Users\kevin\.m2\repository\org\apache\cxf\services\ws-discovery\cxf-services-ws-discovery-api\3.3.10\cxf-services-ws-discovery-api-3.3.10.jar;C:\Users\kevin\.m2\repository\org\apache\cxf\xjc-utils\cxf-xjc-runtime\3.3.1\cxf-xjc-runtime-3.3.1.jar;C:\Users\kevin\.m2\repository\org\apache\cxf\xjcplugins\cxf-xjc-boolean\3.3.1\cxf-xjc-boolean-3.3.1.jar;C:\Users\kevin\.m2\repository\org\apache\cxf\xjcplugins\cxf-xjc-bug986\3.3.1\cxf-xjc-bug986-3.3.1.jar;C:\Users\kevin\.m2\repository\org\apache\cxf\xjcplugins\cxf-xjc-dv\3.3.1\cxf-xjc-dv-3.3.1.jar;C:\Users\kevin\.m2\repository\org\apache\cxf\xjcplugins\cxf-xjc-ts\3.3.1\cxf-xjc-ts-3.3.1.jar;C:\Users\kevin\.m2\repository\org\wildfly\wildfly-rts\23.0.1.Final\wildfly-rts-23.0.1.Final.jar;C:\Users\kevin\.m2\repository\org\jboss\narayana\rts\restat-api\5.10.6.Final\restat-api-5.10.6.Final.jar;C:\Users\kevin\.m2\repository\org\jboss\narayana\rts\restat-integration\5.10.6.Final\restat-integration-5.10.6.Final.jar;C:\Users\kevin\.m2\repository\org\jboss\narayana\rts\restat-bridge\5.10.6.Final\restat-bridge-5.10.6.Final.jar;C:\Users\kevin\.m2\repository\org\jboss\narayana\compensations\compensations\5.10.6.Final\compensations-5.10.6.Final.jar;C:\Users\kevin\.m2\repository\org\jboss\narayana\txframework\txframework\5.10.6.Final\txframework-5.10.6.Final.jar;C:\Users\kevin\.m2\repository\org\jboss\jboss-ejb-client\4.0.39.Final\jboss-ejb-client-4.0.39.Final.jar;C:\Users\kevin\.m2\repository\org\jboss\ejb3\jboss-ejb3-ext-api\2.3.0.Final\jboss-ejb3-ext-api-2.3.0.Final.jar;C:\Users\kevin\.m2\repository\org\wildfly\wildfly-jpa\23.0.1.Final\wildfly-jpa-23.0.1.Final.jar;C:\Users\kevin\.m2\repository\org\wildfly\jipijapa-hibernate5-3\23.0.1.Final\jipijapa-hibernate5-3-23.0.1.Final.jar;C:\Users\kevin\.m2\repository\org\wildfly\jipijapa-spi\23.0.1.Final\jipijapa-spi-23.0.1.Final.jar;C:\Users\kevin\.m2\repository\org\jboss\jboss-transaction-spi\7.6.0.Final\jboss-transaction-spi-7.6.0.Final.jar;C:\Users\kevin\.m2\repository\org\jboss\genericjms\generic-jms-ra-jar\2.0.9.Final\generic-jms-ra-jar-2.0.9.Final.jar;C:\Users\kevin\.m2\repository\org\jboss\ironjacamar\ironjacamar-core-api\1.4.27.Final\ironjacamar-core-api-1.4.27.Final.jar;C:\Users\kevin\.m2\repository\org\jboss\ironjacamar\ironjacamar-core-impl\1.4.27.Final\ironjacamar-core-impl-1.4.27.Final.jar;C:\Users\kevin\.m2\repository\org\jboss\ironjacamar\ironjacamar-common-api\1.4.27.Final\ironjacamar-common-api-1.4.27.Final.jar;C:\Users\kevin\.m2\repository\org\jboss\ironjacamar\ironjacamar-common-spi\1.4.27.Final\ironjacamar-common-spi-1.4.27.Final.jar;C:\Users\kevin\.m2\repository\org\jboss\ironjacamar\ironjacamar-common-impl\1.4.27.Final\ironjacamar-common-impl-1.4.27.Final.jar;C:\Users\kevin\.m2\repository\org\jboss\ironjacamar\ironjacamar-deployers-common\1.4.27.Final\ironjacamar-deployers-common-1.4.27.Final.jar;C:\Users\kevin\.m2\repository\org\jboss\ironjacamar\ironjacamar-jdbc\1.4.27.Final\ironjacamar-jdbc-1.4.27.Final.jar;C:\Users\kevin\.m2\repository\org\jboss\ironjacamar\ironjacamar-validator\1.4.27.Final\ironjacamar-validator-1.4.27.Final.jar;C:\Users\kevin\.m2\repository\org\jboss\narayana\jts\narayana-jts-idlj\5.10.6.Final\narayana-jts-idlj-5.10.6.Final.jar;C:\Users\kevin\.m2\repository\org\jboss\narayana\jts\narayana-jts-integration\5.10.6.Final\narayana-jts-integration-5.10.6.Final.jar;C:\Users\kevin\.m2\repository\org\jboss\narayana\jbosstxbridge\5.10.6.Final\jbosstxbridge-5.10.6.Final.jar;C:\Users\kevin\.m2\repository\org\jboss\narayana\xts\jbossxts\5.10.6.Final\jbossxts-5.10.6.Final.jar;C:\Users\kevin\.m2\repository\org\jboss\narayana\xts\jbossxts\5.10.6.Final\jbossxts-5.10.6.Final-api.jar;C:\Users\kevin\.m2\repository\org\jboss\metadata\jboss-metadata-appclient\13.0.0.Final\jboss-metadata-appclient-13.0.0.Final.jar;C:\Users\kevin\.m2\repository\org\jboss\metadata\jboss-metadata-ejb\13.0.0.Final\jboss-metadata-ejb-13.0.0.Final.jar;C:\Users\kevin\.m2\repository\org\jboss\mod_cluster\mod_cluster-container-spi\1.4.3.Final\mod_cluster-container-spi-1.4.3.Final.jar;C:\Users\kevin\.m2\repository\org\jboss\mod_cluster\mod_cluster-core\1.4.3.Final\mod_cluster-core-1.4.3.Final.jar;C:\Users\kevin\.m2\repository\org\jboss\mod_cluster\mod_cluster-load-spi\1.4.3.Final\mod_cluster-load-spi-1.4.3.Final.jar;C:\Users\kevin\.m2\repository\org\jboss\xnio\netty\netty-xnio-transport\0.1.9.Final\netty-xnio-transport-0.1.9.Final.jar;C:\Users\kevin\.m2\repository\io\netty\netty-all\4.1.63.Final\netty-all-4.1.63.Final.jar;C:\Users\kevin\.m2\repository\io\reactivex\rxjava2\rxjava\2.2.20\rxjava-2.2.20.jar;C:\Users\kevin\.m2\repository\io\reactivex\rxjava3\rxjava\3.0.9\rxjava-3.0.9.jar;C:\Users\kevin\.m2\repository\io\undertow\js\undertow-js\1.0.2.Final\undertow-js-1.0.2.Final.jar;C:\Users\kevin\.m2\repository\org\jboss\resteasy\jose-jwt\3.15.1.Final\jose-jwt-3.15.1.Final.jar;C:\Users\kevin\.m2\repository\org\jboss\resteasy\resteasy-client\3.15.1.Final\resteasy-client-3.15.1.Final.jar;C:\Users\kevin\.m2\repository\org\jboss\resteasy\resteasy-jaxrs\3.15.1.Final\resteasy-jaxrs-3.15.1.Final.jar;C:\Users\kevin\.m2\repository\org\jboss\resteasy\resteasy-spring\3.15.1.Final\resteasy-spring-3.15.1.Final.jar;C:\Users\kevin\.m2\repository\org\jboss\resteasy\resteasy-atom-provider\3.15.1.Final\resteasy-atom-provider-3.15.1.Final.jar;C:\Users\kevin\.m2\repository\org\jboss\resteasy\resteasy-cdi\3.15.1.Final\resteasy-cdi-3.15.1.Final.jar;C:\Users\kevin\.m2\repository\org\jboss\resteasy\resteasy-crypto\3.15.1.Final\resteasy-crypto-3.15.1.Final.jar;C:\Users\kevin\.m2\repository\org\jboss\resteasy\resteasy-jackson-provider\3.15.1.Final\resteasy-jackson-provider-3.15.1.Final.jar;C:\Users\kevin\.m2\repository\org\jboss\resteasy\resteasy-jackson2-provider\3.15.1.Final\resteasy-jackson2-provider-3.15.1.Final.jar;C:\Users\kevin\.m2\repository\org\jboss\resteasy\resteasy-json-binding-provider\3.15.1.Final\resteasy-json-binding-provider-3.15.1.Final.jar;C:\Users\kevin\.m2\repository\org\jboss\resteasy\resteasy-json-p-provider\3.15.1.Final\resteasy-json-p-provider-3.15.1.Final.jar;C:\Users\kevin\.m2\repository\org\jboss\resteasy\resteasy-jaxb-provider\3.15.1.Final\resteasy-jaxb-provider-3.15.1.Final.jar;C:\Users\kevin\.m2\repository\org\jboss\resteasy\resteasy-jettison-provider\3.15.1.Final\resteasy-jettison-provider-3.15.1.Final.jar;C:\Users\kevin\.m2\repository\org\jboss\resteasy\resteasy-jsapi\3.15.1.Final\resteasy-jsapi-3.15.1.Final.jar;C:\Users\kevin\.m2\repository\org\jboss\resteasy\resteasy-multipart-provider\3.15.1.Final\resteasy-multipart-provider-3.15.1.Final.jar;C:\Users\kevin\.m2\repository\org\jboss\resteasy\resteasy-rxjava2\3.15.1.Final\resteasy-rxjava2-3.15.1.Final.jar;C:\Users\kevin\.m2\repository\org\jboss\resteasy\resteasy-validator-provider\3.15.1.Final\resteasy-validator-provider-3.15.1.Final.jar;C:\Users\kevin\.m2\repository\org\jboss\resteasy\resteasy-yaml-provider\3.15.1.Final\resteasy-yaml-provider-3.15.1.Final.jar;C:\Users\kevin\.m2\repository\org\jboss\seam\integration\jboss-seam-int-jbossas\7.0.0.GA\jboss-seam-int-jbossas-7.0.0.GA.jar;C:\Users\kevin\.m2\repository\org\jboss\security\jbossxacml\2.0.8.Final\jbossxacml-2.0.8.Final.jar;C:\Users\kevin\.m2\repository\org\jboss\weld\weld-api\3.1.SP3\weld-api-3.1.SP3.jar;C:\Users\kevin\.m2\repository\org\jboss\weld\weld-core-impl\3.1.6.Final\weld-core-impl-3.1.6.Final.jar;C:\Users\kevin\.m2\repository\org\jboss\weld\module\weld-ejb\3.1.6.Final\weld-ejb-3.1.6.Final.jar;C:\Users\kevin\.m2\repository\jakarta\enterprise\jakarta.enterprise.cdi-api\2.0.2\jakarta.enterprise.cdi-api-2.0.2.jar;C:\Users\kevin\.m2\repository\jakarta\inject\jakarta.inject-api\1.0\jakarta.inject-api-1.0.jar;C:\Users\kevin\.m2\repository\org\jboss\spec\javax\transaction\jboss-transaction-api_1.3_spec\2.0.0.Final\jboss-transaction-api_1.3_spec-2.0.0.Final.jar;C:\Users\kevin\.m2\repository\org\jboss\weld\module\weld-jsf\3.1.6.Final\weld-jsf-3.1.6.Final.jar;C:\Users\kevin\.m2\repository\org\jboss\weld\module\weld-jta\3.1.6.Final\weld-jta-3.1.6.Final.jar;C:\Users\kevin\.m2\repository\org\jboss\weld\module\weld-web\3.1.6.Final\weld-web-3.1.6.Final.jar;C:\Users\kevin\.m2\repository\org\jboss\weld\probe\weld-probe-core\3.1.6.Final\weld-probe-core-3.1.6.Final.jar;C:\Users\kevin\.m2\repository\org\jboss\weld\weld-spi\3.1.SP3\weld-spi-3.1.SP3.jar;C:\Users\kevin\.m2\repository\org\jctools\jctools-core\2.1.2\jctools-core-2.1.2.jar;C:\Users\kevin\.m2\repository\org\jgroups\jgroups\4.2.11.Final\jgroups-4.2.11.Final.jar;C:\Users\kevin\.m2\repository\org\jgroups\azure\jgroups-azure\1.3.0.Final\jgroups-azure-1.3.0.Final.jar;C:\Users\kevin\.m2\repository\org\jgroups\kubernetes\jgroups-kubernetes\1.0.15.Final\jgroups-kubernetes-1.0.15.Final.jar;C:\Users\kevin\.m2\repository\org\yaml\snakeyaml\1.26\snakeyaml-1.26.jar;C:\Users\kevin\.m2\repository\wsdl4j\wsdl4j\1.6.3\wsdl4j-1.6.3.jar;C:\Users\kevin\.m2\repository\com\io7m\xom\xom\1.2.10\xom-1.2.10.jar;C:\Users\kevin\.m2\repository\org\cryptacular\cryptacular\1.2.4\cryptacular-1.2.4.jar;C:\Users\kevin\.m2\repository\org\opensaml\opensaml-core\3.3.1\opensaml-core-3.3.1.jar;C:\Users\kevin\.m2\repository\org\opensaml\opensaml-profile-api\3.3.1\opensaml-profile-api-3.3.1.jar;C:\Users\kevin\.m2\repository\org\opensaml\opensaml-saml-api\3.3.1\opensaml-saml-api-3.3.1.jar;C:\Users\kevin\.m2\repository\org\opensaml\opensaml-saml-impl\3.3.1\opensaml-saml-impl-3.3.1.jar;C:\Users\kevin\.m2\repository\org\opensaml\opensaml-security-api\3.3.1\opensaml-security-api-3.3.1.jar;C:\Users\kevin\.m2\repository\org\opensaml\opensaml-security-impl\3.3.1\opensaml-security-impl-3.3.1.jar;C:\Users\kevin\.m2\repository\org\opensaml\opensaml-soap-api\3.3.1\opensaml-soap-api-3.3.1.jar;C:\Users\kevin\.m2\repository\org\opensaml\opensaml-xacml-api\3.3.1\opensaml-xacml-api-3.3.1.jar;C:\Users\kevin\.m2\repository\org\opensaml\opensaml-xacml-impl\3.3.1\opensaml-xacml-impl-3.3.1.jar;C:\Users\kevin\.m2\repository\org\opensaml\opensaml-xacml-saml-api\3.3.1\opensaml-xacml-saml-api-3.3.1.jar;C:\Users\kevin\.m2\repository\org\opensaml\opensaml-xacml-saml-impl\3.3.1\opensaml-xacml-saml-impl-3.3.1.jar;C:\Users\kevin\.m2\repository\org\opensaml\opensaml-xmlsec-api\3.3.1\opensaml-xmlsec-api-3.3.1.jar;C:\Users\kevin\.m2\repository\org\opensaml\opensaml-xmlsec-impl\3.3.1\opensaml-xmlsec-impl-3.3.1.jar;C:\Users\kevin\.m2\repository\net\shibboleth\utilities\java-support\7.3.0\java-support-7.3.0.jar;C:\Users\kevin\.m2\repository\org\jboss\activemq\artemis\integration\artemis-wildfly-integration\1.0.2\artemis-wildfly-integration-1.0.2.jar;C:\Users\kevin\.m2\repository\org\apache\activemq\artemis-amqp-protocol\2.16.0\artemis-amqp-protocol-2.16.0.jar;C:\Users\kevin\.m2\repository\org\apache\activemq\artemis-cli\2.16.0\artemis-cli-2.16.0.jar;C:\Users\kevin\.m2\repository\org\apache\activemq\artemis-commons\2.16.0\artemis-commons-2.16.0.jar;C:\Users\kevin\.m2\repository\org\apache\activemq\artemis-core-client\2.16.0\artemis-core-client-2.16.0.jar;C:\Users\kevin\.m2\repository\org\apache\activemq\artemis-dto\2.16.0\artemis-dto-2.16.0.jar;C:\Users\kevin\.m2\repository\org\apache\activemq\artemis-hornetq-protocol\2.16.0\artemis-hornetq-protocol-2.16.0.jar;C:\Users\kevin\.m2\repository\org\apache\activemq\artemis-hqclient-protocol\2.16.0\artemis-hqclient-protocol-2.16.0.jar;C:\Users\kevin\.m2\repository\org\apache\activemq\artemis-jdbc-store\2.16.0\artemis-jdbc-store-2.16.0.jar;C:\Users\kevin\.m2\repository\org\apache\activemq\artemis-jms-client\2.16.0\artemis-jms-client-2.16.0.jar;C:\Users\kevin\.m2\repository\org\apache\activemq\artemis-jms-server\2.16.0\artemis-jms-server-2.16.0.jar;C:\Users\kevin\.m2\repository\org\apache\activemq\artemis-journal\2.16.0\artemis-journal-2.16.0.jar;C:\Users\kevin\.m2\repository\org\apache\activemq\activemq-artemis-native\1.0.2\activemq-artemis-native-1.0.2.jar;C:\Users\kevin\.m2\repository\org\apache\activemq\artemis-ra\2.16.0\artemis-ra-2.16.0.jar;C:\Users\kevin\.m2\repository\org\apache\activemq\artemis-selector\2.16.0\artemis-selector-2.16.0.jar;C:\Users\kevin\.m2\repository\org\apache\activemq\artemis-server\2.16.0\artemis-server-2.16.0.jar;C:\Users\kevin\.m2\repository\org\apache\activemq\artemis-service-extensions\2.16.0\artemis-service-extensions-2.16.0.jar;C:\Users\kevin\.m2\repository\org\apache\activemq\artemis-stomp-protocol\2.16.0\artemis-stomp-protocol-2.16.0.jar;C:\Users\kevin\.m2\repository\org\apache\activemq\artemis-tools\2.16.0\artemis-tools-2.16.0.jar;C:\Users\kevin\.m2\repository\org\apache\httpcomponents\httpclient\4.5.13\httpclient-4.5.13.jar;C:\Users\kevin\.m2\repository\org\apache\httpcomponents\httpcore\4.4.14\httpcore-4.4.14.jar;C:\Users\kevin\.m2\repository\org\apache\httpcomponents\httpcore-nio\4.4.14\httpcore-nio-4.4.14.jar;C:\Users\kevin\.m2\repository\org\apache\httpcomponents\httpasyncclient\4.1.4\httpasyncclient-4.1.4.jar;C:\Users\kevin\.m2\repository\org\apache\httpcomponents\httpmime\4.5.13\httpmime-4.5.13.jar;C:\Users\kevin\.m2\repository\org\apache\james\apache-mime4j\0.6\apache-mime4j-0.6.jar;C:\Users\kevin\.m2\repository\org\apache\lucene\lucene-analyzers-common\5.5.5\lucene-analyzers-common-5.5.5.jar;C:\Users\kevin\.m2\repository\org\apache\lucene\lucene-core\5.5.5\lucene-core-5.5.5.jar;C:\Users\kevin\.m2\repository\org\apache\lucene\lucene-facet\5.5.5\lucene-facet-5.5.5.jar;C:\Users\kevin\.m2\repository\org\apache\lucene\lucene-queryparser\5.5.5\lucene-queryparser-5.5.5.jar;C:\Users\kevin\.m2\repository\org\apache\lucene\lucene-queries\5.5.5\lucene-queries-5.5.5.jar;C:\Users\kevin\.m2\repository\org\apache\lucene\lucene-misc\5.5.5\lucene-misc-5.5.5.jar;C:\Users\kevin\.m2\repository\org\apache\lucene\lucene-backward-codecs\5.5.5\lucene-backward-codecs-5.5.5.jar;C:\Users\kevin\.m2\repository\org\apache\neethi\neethi\3.1.1\neethi-3.1.1.jar;C:\Users\kevin\.m2\repository\org\apache\qpid\proton-j\0.33.2\proton-j-0.33.2.jar;C:\Users\kevin\.m2\repository\org\apache\santuario\xmlsec\2.1.6\xmlsec-2.1.6.jar;C:\Users\kevin\.m2\repository\org\apache\ws\xmlschema\xmlschema-core\2.2.5\xmlschema-core-2.2.5.jar;C:\Users\kevin\.m2\repository\org\apache\velocity\velocity-engine-core\2.3\velocity-engine-core-2.3.jar;C:\Users\kevin\.m2\repository\org\apache\wss4j\wss4j-bindings\2.2.6\wss4j-bindings-2.2.6.jar;C:\Users\kevin\.m2\repository\org\apache\wss4j\wss4j-ws-security-common\2.2.6\wss4j-ws-security-common-2.2.6.jar;C:\Users\kevin\.m2\repository\org\apache\wss4j\wss4j-ws-security-dom\2.2.6\wss4j-ws-security-dom-2.2.6.jar;C:\Users\kevin\.m2\repository\org\apache\wss4j\wss4j-ws-security-stax\2.2.6\wss4j-ws-security-stax-2.2.6.jar;C:\Users\kevin\.m2\repository\org\apache\wss4j\wss4j-policy\2.2.6\wss4j-policy-2.2.6.jar;C:\Users\kevin\.m2\repository\org\apache\wss4j\wss4j-ws-security-policy-stax\2.2.6\wss4j-ws-security-policy-stax-2.2.6.jar;C:\Users\kevin\.m2\repository\org\bouncycastle\bcprov-jdk15on\1.68\bcprov-jdk15on-1.68.jar;C:\Users\kevin\.m2\repository\org\bouncycastle\bcmail-jdk15on\1.68\bcmail-jdk15on-1.68.jar;C:\Users\kevin\.m2\repository\org\bouncycastle\bcpkix-jdk15on\1.68\bcpkix-jdk15on-1.68.jar;C:\Users\kevin\.m2\repository\org\codehaus\jackson\jackson-core-asl\1.9.13.redhat-00007\jackson-core-asl-1.9.13.redhat-00007.jar;C:\Users\kevin\.m2\repository\org\codehaus\jackson\jackson-mapper-asl\1.9.13.redhat-00007\jackson-mapper-asl-1.9.13.redhat-00007.jar;C:\Users\kevin\.m2\repository\org\codehaus\jackson\jackson-jaxrs\1.9.13.redhat-00007\jackson-jaxrs-1.9.13.redhat-00007.jar;C:\Users\kevin\.m2\repository\org\codehaus\jackson\jackson-xc\1.9.13.redhat-00007\jackson-xc-1.9.13.redhat-00007.jar;C:\Users\kevin\.m2\repository\org\codehaus\jettison\jettison\1.4.0\jettison-1.4.0.jar;C:\Users\kevin\.m2\repository\net\bytebuddy\byte-buddy\1.9.11\byte-buddy-1.9.11.jar;C:\Users\kevin\.m2\repository\org\hibernate\hibernate-core\5.3.20.Final\hibernate-core-5.3.20.Final.jar;C:\Users\kevin\.m2\repository\org\hibernate\common\hibernate-commons-annotations\5.0.5.Final\hibernate-commons-annotations-5.0.5.Final.jar;C:\Users\kevin\.m2\repository\org\hibernate\validator\hibernate-validator\6.0.22.Final\hibernate-validator-6.0.22.Final.jar;C:\Users\kevin\.m2\repository\org\hibernate\validator\hibernate-validator-cdi\6.0.22.Final\hibernate-validator-cdi-6.0.22.Final.jar;C:\Users\kevin\.m2\repository\org\hibernate\hibernate-envers\5.3.20.Final\hibernate-envers-5.3.20.Final.jar;C:\Users\kevin\.m2\repository\org\hibernate\hibernate-search-engine\5.10.7.Final\hibernate-search-engine-5.10.7.Final.jar;C:\Users\kevin\.m2\repository\org\hibernate\hibernate-search-orm\5.10.7.Final\hibernate-search-orm-5.10.7.Final.jar;C:\Users\kevin\.m2\repository\org\hibernate\hibernate-search-backend-jms\5.10.7.Final\hibernate-search-backend-jms-5.10.7.Final.jar;C:\Users\kevin\.m2\repository\org\hibernate\hibernate-search-serialization-avro\5.10.7.Final\hibernate-search-serialization-avro-5.10.7.Final.jar;C:\Users\kevin\.m2\repository\org\wildfly\wildfly-ormtransformer\23.0.1.Final\wildfly-ormtransformer-23.0.1.Final.jar;C:\Users\kevin\.m2\repository\org\hornetq\hornetq-commons\2.4.7.Final\hornetq-commons-2.4.7.Final.jar;C:\Users\kevin\.m2\repository\org\hornetq\hornetq-core-client\2.4.7.Final\hornetq-core-client-2.4.7.Final.jar;C:\Users\kevin\.m2\repository\org\hornetq\hornetq-jms-client\2.4.7.Final\hornetq-jms-client-2.4.7.Final.jar;C:\Users\kevin\.m2\repository\org\infinispan\infinispan-cachestore-jdbc\11.0.9.Final\infinispan-cachestore-jdbc-11.0.9.Final.jar;C:\Users\kevin\.m2\repository\org\infinispan\infinispan-cachestore-remote\11.0.9.Final\infinispan-cachestore-remote-11.0.9.Final.jar;C:\Users\kevin\.m2\repository\org\infinispan\infinispan-client-hotrod\11.0.9.Final\infinispan-client-hotrod-11.0.9.Final.jar;C:\Users\kevin\.m2\repository\org\infinispan\infinispan-commons\11.0.9.Final\infinispan-commons-11.0.9.Final.jar;C:\Users\kevin\.m2\repository\org\infinispan\infinispan-component-annotations\11.0.9.Final\infinispan-component-annotations-11.0.9.Final.jar;C:\Users\kevin\.m2\repository\org\infinispan\infinispan-core\11.0.9.Final\infinispan-core-11.0.9.Final.jar;C:\Users\kevin\.m2\repository\org\infinispan\infinispan-hibernate-cache-commons\11.0.9.Final\infinispan-hibernate-cache-commons-11.0.9.Final.jar;C:\Users\kevin\.m2\repository\org\infinispan\infinispan-hibernate-cache-spi\11.0.9.Final\infinispan-hibernate-cache-spi-11.0.9.Final.jar;C:\Users\kevin\.m2\repository\org\infinispan\infinispan-hibernate-cache-v51\11.0.9.Final\infinispan-hibernate-cache-v51-11.0.9.Final.jar;C:\Users\kevin\.m2\repository\org\infinispan\infinispan-hibernate-cache-v53\11.0.9.Final\infinispan-hibernate-cache-v53-11.0.9.Final.jar;C:\Users\kevin\.m2\repository\org\infinispan\protostream\protostream\4.3.5.Final\protostream-4.3.5.Final.jar;C:\Users\kevin\.m2\repository\org\javassist\javassist\3.23.2-GA\javassist-3.23.2-GA.jar;C:\Users\kevin\.m2\repository\org\jasypt\jasypt\1.9.3\jasypt-1.9.3.jar;C:\Users\kevin\.m2\repository\org\jberet\jberet-core\1.3.7.Final\jberet-core-1.3.7.Final.jar;C:\Users\kevin\.m2\repository\org\jboss\jboss-iiop-client\1.0.1.Final\jboss-iiop-client-1.0.1.Final.jar;C:\Users\kevin\.m2\repository\org\jvnet\staxex\stax-ex\1.8.3\stax-ex-1.8.3.jar;C:\Users\kevin\.m2\repository\org\reactivestreams\reactive-streams\1.0.3\reactive-streams-1.0.3.jar;C:\Users\kevin\.m2\repository\org\wildfly\wildfly-appclient\23.0.1.Final\wildfly-appclient-23.0.1.Final.jar;C:\Users\kevin\.m2\repository\org\wildfly\core\wildfly-cli\15.0.1.Final\wildfly-cli-15.0.1.Final-client.jar;C:\Users\kevin\.m2\repository\org\wildfly\core\wildfly-version\15.0.1.Final\wildfly-version-15.0.1.Final.jar;C:\Users\kevin\.m2\repository\org\wildfly\wildfly-client-all\23.0.1.Final\wildfly-client-all-23.0.1.Final.jar;C:\Users\kevin\.m2\repository\org\wildfly\wildfly-clustering-api\23.0.1.Final\wildfly-clustering-api-23.0.1.Final.jar;C:\Users\kevin\.m2\repository\org\wildfly\wildfly-clustering-common\23.0.1.Final\wildfly-clustering-common-23.0.1.Final.jar;C:\Users\kevin\.m2\repository\org\wildfly\wildfly-clustering-ee-cache\23.0.1.Final\wildfly-clustering-ee-cache-23.0.1.Final.jar;C:\Users\kevin\.m2\repository\org\wildfly\wildfly-clustering-ee-hotrod\23.0.1.Final\wildfly-clustering-ee-hotrod-23.0.1.Final.jar;C:\Users\kevin\.m2\repository\org\wildfly\wildfly-clustering-ee-infinispan\23.0.1.Final\wildfly-clustering-ee-infinispan-23.0.1.Final.jar;C:\Users\kevin\.m2\repository\org\wildfly\wildfly-clustering-ee-spi\23.0.1.Final\wildfly-clustering-ee-spi-23.0.1.Final.jar;C:\Users\kevin\.m2\repository\org\wildfly\wildfly-clustering-ejb-infinispan\23.0.1.Final\wildfly-clustering-ejb-infinispan-23.0.1.Final.jar;C:\Users\kevin\.m2\repository\org\wildfly\wildfly-clustering-ejb-spi\23.0.1.Final\wildfly-clustering-ejb-spi-23.0.1.Final.jar;C:\Users\kevin\.m2\repository\org\wildfly\wildfly-clustering-infinispan-client\23.0.1.Final\wildfly-clustering-infinispan-client-23.0.1.Final.jar;C:\Users\kevin\.m2\repository\org\wildfly\wildfly-clustering-infinispan-extension\23.0.1.Final\wildfly-clustering-infinispan-extension-23.0.1.Final.jar;C:\Users\kevin\.m2\repository\org\wildfly\wildfly-clustering-infinispan-marshalling\23.0.1.Final\wildfly-clustering-infinispan-marshalling-23.0.1.Final.jar;C:\Users\kevin\.m2\repository\org\wildfly\wildfly-clustering-infinispan-spi\23.0.1.Final\wildfly-clustering-infinispan-spi-23.0.1.Final.jar;C:\Users\kevin\.m2\repository\org\wildfly\wildfly-clustering-jgroups-api\23.0.1.Final\wildfly-clustering-jgroups-api-23.0.1.Final.jar;C:\Users\kevin\.m2\repository\org\wildfly\wildfly-clustering-jgroups-extension\23.0.1.Final\wildfly-clustering-jgroups-extension-23.0.1.Final.jar;C:\Users\kevin\.m2\repository\org\wildfly\wildfly-clustering-jgroups-spi\23.0.1.Final\wildfly-clustering-jgroups-spi-23.0.1.Final.jar;C:\Users\kevin\.m2\repository\org\wildfly\wildfly-clustering-marshalling-api\23.0.1.Final\wildfly-clustering-marshalling-api-23.0.1.Final.jar;C:\Users\kevin\.m2\repository\org\wildfly\wildfly-clustering-marshalling-jboss\23.0.1.Final\wildfly-clustering-marshalling-jboss-23.0.1.Final.jar;C:\Users\kevin\.m2\repository\org\wildfly\wildfly-clustering-marshalling-protostream\23.0.1.Final\wildfly-clustering-marshalling-protostream-23.0.1.Final.jar;C:\Users\kevin\.m2\repository\org\wildfly\wildfly-clustering-marshalling-spi\23.0.1.Final\wildfly-clustering-marshalling-spi-23.0.1.Final.jar;C:\Users\kevin\.m2\repository\org\wildfly\wildfly-clustering-service\23.0.1.Final\wildfly-clustering-service-23.0.1.Final.jar;C:\Users\kevin\.m2\repository\org\wildfly\wildfly-clustering-server\23.0.1.Final\wildfly-clustering-server-23.0.1.Final.jar;C:\Users\kevin\.m2\repository\org\wildfly\wildfly-clustering-singleton-api\23.0.1.Final\wildfly-clustering-singleton-api-23.0.1.Final.jar;C:\Users\kevin\.m2\repository\org\wildfly\wildfly-clustering-singleton-extension\23.0.1.Final\wildfly-clustering-singleton-extension-23.0.1.Final.jar;C:\Users\kevin\.m2\repository\org\wildfly\wildfly-clustering-spi\23.0.1.Final\wildfly-clustering-spi-23.0.1.Final.jar;C:\Users\kevin\.m2\repository\org\wildfly\wildfly-clustering-web-api\23.0.1.Final\wildfly-clustering-web-api-23.0.1.Final.jar;C:\Users\kevin\.m2\repository\org\wildfly\wildfly-clustering-web-cache\23.0.1.Final\wildfly-clustering-web-cache-23.0.1.Final.jar;C:\Users\kevin\.m2\repository\org\wildfly\wildfly-clustering-web-container\23.0.1.Final\wildfly-clustering-web-container-23.0.1.Final.jar;C:\Users\kevin\.m2\repository\org\wildfly\wildfly-clustering-web-extension\23.0.1.Final\wildfly-clustering-web-extension-23.0.1.Final.jar;C:\Users\kevin\.m2\repository\org\wildfly\wildfly-clustering-web-hotrod\23.0.1.Final\wildfly-clustering-web-hotrod-23.0.1.Final.jar;C:\Users\kevin\.m2\repository\org\wildfly\wildfly-clustering-web-infinispan\23.0.1.Final\wildfly-clustering-web-infinispan-23.0.1.Final.jar;C:\Users\kevin\.m2\repository\org\wildfly\wildfly-clustering-web-spi\23.0.1.Final\wildfly-clustering-web-spi-23.0.1.Final.jar;C:\Users\kevin\.m2\repository\org\wildfly\wildfly-clustering-web-undertow\23.0.1.Final\wildfly-clustering-web-undertow-23.0.1.Final.jar;C:\Users\kevin\.m2\repository\org\jboss\hal\hal-console\3.3.1.Final\hal-console-3.3.1.Final-resources.jar;C:\Users\kevin\.m2\repository\org\wildfly\wildfly-batch-jberet\23.0.1.Final\wildfly-batch-jberet-23.0.1.Final.jar;C:\Users\kevin\.m2\repository\org\wildfly\wildfly-bean-validation\23.0.1.Final\wildfly-bean-validation-23.0.1.Final.jar;C:\Users\kevin\.m2\repository\org\wildfly\wildfly-connector\23.0.1.Final\wildfly-connector-23.0.1.Final.jar;C:\Users\kevin\.m2\repository\org\wildfly\discovery\wildfly-discovery-client\1.2.1.Final\wildfly-discovery-client-1.2.1.Final.jar;C:\Users\kevin\.m2\repository\org\wildfly\wildfly-ee-security\23.0.1.Final\wildfly-ee-security-23.0.1.Final.jar;C:\Users\kevin\.m2\repository\org\wildfly\wildfly-ejb3\23.0.1.Final\wildfly-ejb3-23.0.1.Final.jar;C:\Users\kevin\.m2\repository\org\wildfly\wildfly-health\23.0.1.Final\wildfly-health-23.0.1.Final.jar;C:\Users\kevin\.m2\repository\org\wildfly\wildfly-jaxrs\23.0.1.Final\wildfly-jaxrs-23.0.1.Final.jar;C:\Users\kevin\.m2\repository\org\wildfly\wildfly-jdr\23.0.1.Final\wildfly-jdr-23.0.1.Final.jar;C:\Users\kevin\.m2\repository\org\wildfly\wildfly-jsf\23.0.1.Final\wildfly-jsf-23.0.1.Final.jar;C:\Users\kevin\.m2\repository\org\wildfly\wildfly-jsf-injection\23.0.1.Final\wildfly-jsf-injection-23.0.1.Final.jar;C:\Users\kevin\.m2\repository\org\wildfly\wildfly-iiop-openjdk\23.0.1.Final\wildfly-iiop-openjdk-23.0.1.Final.jar;C:\Users\kevin\.m2\repository\org\wildfly\wildfly-mail\23.0.1.Final\wildfly-mail-23.0.1.Final.jar;C:\Users\kevin\.m2\repository\org\wildfly\wildfly-messaging-activemq\23.0.1.Final\wildfly-messaging-activemq-23.0.1.Final.jar;C:\Users\kevin\.m2\repository\org\wildfly\wildfly-metrics\23.0.1.Final\wildfly-metrics-23.0.1.Final.jar;C:\Users\kevin\.m2\repository\org\wildfly\wildfly-mod_cluster-extension\23.0.1.Final\wildfly-mod_cluster-extension-23.0.1.Final.jar;C:\Users\kevin\.m2\repository\org\wildfly\wildfly-mod_cluster-undertow\23.0.1.Final\wildfly-mod_cluster-undertow-23.0.1.Final.jar;C:\Users\kevin\.m2\repository\org\wildfly\wildfly-naming-client\1.0.14.Final\wildfly-naming-client-1.0.14.Final.jar;C:\Users\kevin\.m2\repository\org\wildfly\wildfly-pojo\23.0.1.Final\wildfly-pojo-23.0.1.Final.jar;C:\Users\kevin\.m2\repository\org\wildfly\wildfly-sar\23.0.1.Final\wildfly-sar-23.0.1.Final.jar;C:\Users\kevin\.m2\repository\org\wildfly\wildfly-transactions\23.0.1.Final\wildfly-transactions-23.0.1.Final.jar;C:\Users\kevin\.m2\repository\org\wildfly\transaction\wildfly-transaction-client\1.1.13.Final\wildfly-transaction-client-1.1.13.Final.jar;C:\Users\kevin\.m2\repository\org\wildfly\wildfly-weld\23.0.1.Final\wildfly-weld-23.0.1.Final.jar;C:\Users\kevin\.m2\repository\org\wildfly\wildfly-weld-spi\23.0.1.Final\wildfly-weld-spi-23.0.1.Final.jar;C:\Users\kevin\.m2\repository\org\wildfly\wildfly-weld-common\23.0.1.Final\wildfly-weld-common-23.0.1.Final.jar;C:\Users\kevin\.m2\repository\org\wildfly\wildfly-weld-ejb\23.0.1.Final\wildfly-weld-ejb-23.0.1.Final.jar;C:\Users\kevin\.m2\repository\org\wildfly\wildfly-weld-jpa\23.0.1.Final\wildfly-weld-jpa-23.0.1.Final.jar;C:\Users\kevin\.m2\repository\org\wildfly\wildfly-weld-bean-validation\23.0.1.Final\wildfly-weld-bean-validation-23.0.1.Final.jar;C:\Users\kevin\.m2\repository\org\wildfly\wildfly-weld-webservices\23.0.1.Final\wildfly-weld-webservices-23.0.1.Final.jar;C:\Users\kevin\.m2\repository\org\wildfly\wildfly-weld-transactions\23.0.1.Final\wildfly-weld-transactions-23.0.1.Final.jar;C:\Users\kevin\.m2\repository\org\wildfly\wildfly-webservices-server-integration\23.0.1.Final\wildfly-webservices-server-integration-23.0.1.Final.jar;C:\Users\kevin\.m2\repository\org\wildfly\wildfly-xts\23.0.1.Final\wildfly-xts-23.0.1.Final.jar;C:\Users\kevin\.m2\repository\org\jboss\ws\cxf\jbossws-cxf-transports-undertow\5.4.3.Final\jbossws-cxf-transports-undertow-5.4.3.Final.jar;C:\Users\kevin\.m2\repository\org\jboss\ws\projects\jaxws-undertow-httpspi\1.0.1.Final\jaxws-undertow-httpspi-1.0.1.Final.jar;C:\Users\kevin\.m2\repository\org\apache\taglibs\taglibs-standard-spec\1.2.6-RC1\taglibs-standard-spec-1.2.6-RC1.jar;C:\Users\kevin\.m2\repository\org\apache\taglibs\taglibs-standard-impl\1.2.6-RC1\taglibs-standard-impl-1.2.6-RC1.jar;C:\Users\kevin\.m2\repository\org\apache\taglibs\taglibs-standard-compat\1.2.6-RC1\taglibs-standard-compat-1.2.6-RC1.jar;C:\Users\kevin\.m2\repository\xml-resolver\xml-resolver\1.2\xml-resolver-1.2.jar;C:\Users\kevin\.m2\repository\com\sun\mail\jakarta.mail\1.6.5\jakarta.mail-1.6.5.jar;C:\Users\kevin\.m2\repository\jakarta\persistence\jakarta.persistence-api\2.2.3\jakarta.persistence-api-2.2.3.jar;C:\Users\kevin\.m2\repository\jakarta\security\enterprise\jakarta.security.enterprise-api\1.0.2\jakarta.security.enterprise-api-1.0.2.jar;C:\Users\kevin\.m2\repository\javax\jws\jsr181-api\1.0-MR1\jsr181-api-1.0-MR1.jar;C:\Users\kevin\.m2\repository\org\jboss\spec\javax\batch\jboss-batch-api_1.0_spec\2.0.0.Final\jboss-batch-api_1.0_spec-2.0.0.Final.jar;C:\Users\kevin\.m2\repository\org\jboss\spec\javax\ejb\jboss-ejb-api_3.2_spec\2.0.0.Final\jboss-ejb-api_3.2_spec-2.0.0.Final.jar;C:\Users\kevin\.m2\repository\org\jboss\spec\javax\faces\jboss-jsf-api_2.3_spec\3.0.0.SP04\jboss-jsf-api_2.3_spec-3.0.0.SP04.jar;C:\Users\kevin\.m2\repository\org\jboss\spec\javax\jms\jboss-jms-api_2.0_spec\2.0.0.Final\jboss-jms-api_2.0_spec-2.0.0.Final.jar;C:\Users\kevin\.m2\repository\org\jboss\spec\javax\resource\jboss-connector-api_1.7_spec\2.0.0.Final\jboss-connector-api_1.7_spec-2.0.0.Final.jar;C:\Users\kevin\.m2\repository\org\jboss\spec\javax\ws\rs\jboss-jaxrs-api_2.1_spec\2.0.1.Final\jboss-jaxrs-api_2.1_spec-2.0.1.Final.jar;C:\Users\kevin\.m2\repository\org\jboss\spec\javax\xml\bind\jboss-jaxb-api_2.3_spec\2.0.1.Final\jboss-jaxb-api_2.3_spec-2.0.1.Final.jar;C:\Users\kevin\.m2\repository\org\jboss\spec\javax\xml\soap\jboss-saaj-api_1.4_spec\1.0.2.Final\jboss-saaj-api_1.4_spec-1.0.2.Final.jar;C:\Users\kevin\.m2\repository\org\jboss\spec\javax\xml\ws\jboss-jaxws-api_2.3_spec\2.0.0.Final\jboss-jaxws-api_2.3_spec-2.0.0.Final.jar;C:\Users\kevin\.m2\repository\io\agroal\agroal-api\1.3\agroal-api-1.3.jar;C:\Users\kevin\.m2\repository\io\agroal\agroal-narayana\1.3\agroal-narayana-1.3.jar;C:\Users\kevin\.m2\repository\io\agroal\agroal-pool\1.3\agroal-pool-1.3.jar;C:\Users\kevin\.m2\repository\org\jboss\spec\javax\management\j2ee\jboss-j2eemgmt-api_1.1_spec\2.0.0.Final\jboss-j2eemgmt-api_1.1_spec-2.0.0.Final.jar;C:\Users\kevin\.m2\repository\org\jboss\spec\javax\xml\rpc\jboss-jaxrpc-api_1.1_spec\2.0.0.Final\jboss-jaxrpc-api_1.1_spec-2.0.0.Final.jar;C:\Users\kevin\.m2\repository\org\wildfly\jipijapa-eclipselink\23.0.1.Final\jipijapa-eclipselink-23.0.1.Final.jar;C:\Users\kevin\.m2\repository\org\wildfly\jipijapa-hibernate4-1\23.0.1.Final\jipijapa-hibernate4-1-23.0.1.Final.jar;C:\Users\kevin\.m2\repository\org\wildfly\jipijapa-hibernate4-3\23.0.1.Final\jipijapa-hibernate4-3-23.0.1.Final.jar;C:\Users\kevin\.m2\repository\org\wildfly\jipijapa-hibernate5\23.0.1.Final\jipijapa-hibernate5-23.0.1.Final.jar;C:\Users\kevin\.m2\repository\org\wildfly\jipijapa-openjpa\23.0.1.Final\jipijapa-openjpa-23.0.1.Final.jar;C:\Users\kevin\.m2\repository\org\picketlink\picketlink-api\2.5.5.SP12-redhat-00009\picketlink-api-2.5.5.SP12-redhat-00009.jar;C:\Users\kevin\.m2\repository\org\picketlink\picketlink-common\2.5.5.SP12-redhat-00009\picketlink-common-2.5.5.SP12-redhat-00009.jar;C:\Users\kevin\.m2\repository\org\picketlink\picketlink-config\2.5.5.SP12-redhat-00009\picketlink-config-2.5.5.SP12-redhat-00009.jar;C:\Users\kevin\.m2\repository\org\picketlink\picketlink-federation\2.5.5.SP12-redhat-00009\picketlink-federation-2.5.5.SP12-redhat-00009.jar;C:\Users\kevin\.m2\repository\org\picketlink\picketlink-idm-api\2.5.5.SP12-redhat-00009\picketlink-idm-api-2.5.5.SP12-redhat-00009.jar;C:\Users\kevin\.m2\repository\org\picketlink\picketlink-idm-impl\2.5.5.SP12-redhat-00009\picketlink-idm-impl-2.5.5.SP12-redhat-00009.jar;C:\Users\kevin\.m2\repository\org\picketlink\picketlink-idm-simple-schema\2.5.5.SP12-redhat-00009\picketlink-idm-simple-schema-2.5.5.SP12-redhat-00009.jar;C:\Users\kevin\.m2\repository\org\picketlink\picketlink-impl\2.5.5.SP12-redhat-00009\picketlink-impl-2.5.5.SP12-redhat-00009.jar;C:\Users\kevin\.m2\repository\org\picketlink\distribution\picketlink-wildfly8\2.5.5.SP12-redhat-00012\picketlink-wildfly8-2.5.5.SP12-redhat-00012.jar;C:\Users\kevin\.m2\repository\org\wildfly\wildfly-cmp\23.0.1.Final\wildfly-cmp-23.0.1.Final.jar;C:\Users\kevin\.m2\repository\org\wildfly\wildfly-configadmin\23.0.1.Final\wildfly-configadmin-23.0.1.Final.jar;C:\Users\kevin\.m2\repository\org\wildfly\wildfly-datasources-agroal\23.0.1.Final\wildfly-datasources-agroal-23.0.1.Final.jar;C:\Users\kevin\.m2\repository\org\wildfly\wildfly-jacorb\23.0.1.Final\wildfly-jacorb-23.0.1.Final.jar;C:\Users\kevin\.m2\repository\org\wildfly\wildfly-jaxr\23.0.1.Final\wildfly-jaxr-23.0.1.Final.jar;C:\Users\kevin\.m2\repository\org\wildfly\wildfly-jsr77\23.0.1.Final\wildfly-jsr77-23.0.1.Final.jar;C:\Users\kevin\.m2\repository\org\wildfly\wildfly-messaging\23.0.1.Final\wildfly-messaging-23.0.1.Final.jar;C:\Users\kevin\.m2\repository\org\wildfly\wildfly-security-vault-tool\23.0.1.Final\wildfly-security-vault-tool-23.0.1.Final.jar;C:\Users\kevin\.m2\repository\org\wildfly\wildfly-picketlink\23.0.1.Final\wildfly-picketlink-23.0.1.Final.jar;C:\Users\kevin\.m2\repository\org\wildfly\wildfly-web\23.0.1.Final\wildfly-web-23.0.1.Final.jar;C:\Users\kevin\.m2\repository\org\wildfly\plugins\wildfly-maven-plugin\2.1.0.Beta1\wildfly-maven-plugin-2.1.0.Beta1.jar;C:\Users\kevin\.m2\repository\javax\inject\javax.inject\1\javax.inject-1.jar;C:\Users\kevin\.m2\repository\org\apache\commons\commons-compress\1.19\commons-compress-1.19.jar;C:\Users\kevin\.m2\repository\org\apache\maven\maven-core\3.3.1\maven-core-3.3.1.jar;C:\Users\kevin\.m2\repository\org\apache\maven\maven-model\3.3.1\maven-model-3.3.1.jar;C:\Users\kevin\.m2\repository\org\apache\maven\maven-settings\3.3.1\maven-settings-3.3.1.jar;C:\Users\kevin\.m2\repository\org\apache\maven\maven-settings-builder\3.3.1\maven-settings-builder-3.3.1.jar;C:\Users\kevin\.m2\repository\org\apache\maven\maven-builder-support\3.3.1\maven-builder-support-3.3.1.jar;C:\Users\kevin\.m2\repository\org\apache\maven\maven-repository-metadata\3.3.1\maven-repository-metadata-3.3.1.jar;C:\Users\kevin\.m2\repository\org\apache\maven\maven-artifact\3.3.1\maven-artifact-3.3.1.jar;C:\Users\kevin\.m2\repository\org\apache\maven\maven-model-builder\3.3.1\maven-model-builder-3.3.1.jar;C:\Users\kevin\.m2\repository\org\apache\maven\maven-aether-provider\3.3.1\maven-aether-provider-3.3.1.jar;C:\Users\kevin\.m2\repository\org\eclipse\aether\aether-spi\1.0.2.v20150114\aether-spi-1.0.2.v20150114.jar;C:\Users\kevin\.m2\repository\org\eclipse\aether\aether-impl\1.0.2.v20150114\aether-impl-1.0.2.v20150114.jar;C:\Users\kevin\.m2\repository\org\eclipse\aether\aether-util\1.0.2.v20150114\aether-util-1.0.2.v20150114.jar;C:\Users\kevin\.m2\repository\org\eclipse\sisu\org.eclipse.sisu.plexus\0.3.0\org.eclipse.sisu.plexus-0.3.0.jar;C:\Users\kevin\.m2\repository\javax\enterprise\cdi-api\1.0\cdi-api-1.0.jar;C:\Users\kevin\.m2\repository\javax\annotation\jsr250-api\1.0\jsr250-api-1.0.jar;C:\Users\kevin\.m2\repository\org\eclipse\sisu\org.eclipse.sisu.inject\0.3.0\org.eclipse.sisu.inject-0.3.0.jar;C:\Users\kevin\.m2\repository\org\sonatype\sisu\sisu-guice\3.2.5\sisu-guice-3.2.5-no_aop.jar;C:\Users\kevin\.m2\repository\aopalliance\aopalliance\1.0\aopalliance-1.0.jar;C:\Users\kevin\.m2\repository\org\codehaus\plexus\plexus-interpolation\1.21\plexus-interpolation-1.21.jar;C:\Users\kevin\.m2\repository\org\codehaus\plexus\plexus-utils\3.0.20\plexus-utils-3.0.20.jar;C:\Users\kevin\.m2\repository\org\codehaus\plexus\plexus-classworlds\2.5.2\plexus-classworlds-2.5.2.jar;C:\Users\kevin\.m2\repository\org\codehaus\plexus\plexus-component-annotations\1.5.5\plexus-component-annotations-1.5.5.jar;C:\Users\kevin\.m2\repository\org\sonatype\plexus\plexus-sec-dispatcher\1.3\plexus-sec-dispatcher-1.3.jar;C:\Users\kevin\.m2\repository\org\sonatype\plexus\plexus-cipher\1.4\plexus-cipher-1.4.jar;C:\Users\kevin\.m2\repository\org\apache\maven\maven-plugin-api\3.3.1\maven-plugin-api-3.3.1.jar;C:\Users\kevin\.m2\repository\org\eclipse\aether\aether-api\1.1.0\aether-api-1.1.0.jar;C:\Users\kevin\.m2\repository\org\jboss\jdf\stacks-client\1.0.3.Final\stacks-client-1.0.3.Final.jar;C:\Users\kevin\.m2\repository\org\wildfly\core\wildfly-cli\9.0.1.Final\wildfly-cli-9.0.1.Final.jar;C:\Users\kevin\.m2\repository\org\aesh\aesh-readline\1.17\aesh-readline-1.17.jar;C:\Users\kevin\.m2\repository\org\fusesource\jansi\jansi\1.18\jansi-1.18.jar;C:\Users\kevin\.m2\repository\org\aesh\aesh\2.3\aesh-2.3.jar;C:\Users\kevin\.m2\repository\org\aesh\aesh-extensions\1.7\aesh-extensions-1.7.jar;C:\Users\kevin\.m2\repository\org\jboss\staxmapper\1.3.0.Final\staxmapper-1.3.0.Final.jar;C:\Users\kevin\.m2\repository\org\jboss\modules\jboss-modules\1.9.1.Final\jboss-modules-1.9.1.Final.jar;C:\Users\kevin\.m2\repository\org\wildfly\common\wildfly-common\1.5.1.Final\wildfly-common-1.5.1.Final.jar;C:\Users\kevin\.m2\repository\org\wildfly\core\wildfly-embedded\9.0.1.Final\wildfly-embedded-9.0.1.Final.jar;C:\Users\kevin\.m2\repository\org\wildfly\security\wildfly-elytron\1.9.1.Final\wildfly-elytron-1.9.1.Final.jar;C:\Users\kevin\.m2\repository\org\jboss\logging\jboss-logging\3.4.0.Final\jboss-logging-3.4.0.Final.jar;C:\Users\kevin\.m2\repository\org\jboss\remoting\jboss-remoting\5.0.12.Final\jboss-remoting-5.0.12.Final.jar;C:\Users\kevin\.m2\repository\org\wildfly\client\wildfly-client-config\1.0.0.CR2\wildfly-client-config-1.0.0.CR2.jar;C:\Users\kevin\.m2\repository\org\jboss\remotingjmx\remoting-jmx\3.0.3.Final\remoting-jmx-3.0.3.Final.jar;C:\Users\kevin\.m2\repository\org\jboss\marshalling\jboss-marshalling\2.0.0.Final\jboss-marshalling-2.0.0.Final.jar;C:\Users\kevin\.m2\repository\org\jboss\marshalling\jboss-marshalling-river\2.0.0.Final\jboss-marshalling-river-2.0.0.Final.jar;C:\Users\kevin\.m2\repository\org\jboss\jboss-vfs\3.2.14.Final\jboss-vfs-3.2.14.Final.jar;C:\Users\kevin\.m2\repository\org\jboss\stdio\jboss-stdio\1.1.0.Final\jboss-stdio-1.1.0.Final.jar;C:\Users\kevin\.m2\repository\org\jboss\logmanager\jboss-logmanager\2.1.10.Final\jboss-logmanager-2.1.10.Final.jar;C:\Users\kevin\.m2\repository\org\wildfly\core\wildfly-controller-client\9.0.1.Final\wildfly-controller-client-9.0.1.Final.jar;C:\Users\kevin\.m2\repository\org\jboss\jboss-dmr\1.5.0.Final\jboss-dmr-1.5.0.Final.jar;C:\Users\kevin\.m2\repository\org\jboss\threads\jboss-threads\2.3.3.Final\jboss-threads-2.3.3.Final.jar;C:\Users\kevin\.m2\repository\org\wildfly\core\wildfly-launcher\9.0.1.Final\wildfly-launcher-9.0.1.Final.jar;C:\Users\kevin\.m2\repository\org\wildfly\core\wildfly-protocol\9.0.1.Final\wildfly-protocol-9.0.1.Final.jar;C:\Users\kevin\.m2\repository\org\jboss\xnio\xnio-api\3.7.2.Final\xnio-api-3.7.2.Final.jar;C:\Users\kevin\.m2\repository\org\jboss\xnio\xnio-nio\3.7.2.Final\xnio-nio-3.7.2.Final.jar;C:\Users\kevin\.m2\repository\org\wildfly\plugins\wildfly-plugin-core\2.1.0.Beta1\wildfly-plugin-core-2.1.0.Beta1.jar;"/>
    <property name="sun.cpu.endian" value="little"/>
    <property name="user.home" value="C:\Users\kevin"/>
    <property name="user.language" value="de"/>
    <property name="java.specification.vendor" value="Oracle Corporation"/>
    <property name="java.version.date" value="2021-04-20"/>
    <property name="java.home" value="C:\Program Files\Java\jdk1.8.0_291"/>
    <property name="file.separator" value="\"/>
    <property name="basedir" value="D:\Dropbox\1. Masterthesis\Dev\jakarta-ee-benchmark-wildfly"/>
    <property name="java.vm.compressedOopsMode" value="32-bit"/>
    <property name="line.separator" value="&#10;"/>
    <property name="java.specification.name" value="Java Platform API Specification"/>
    <property name="java.vm.specification.vendor" value="Oracle Corporation"/>
    <property name="java.awt.graphicsenv" value="sun.awt.Win32GraphicsEnvironment"/>
    <property name="surefire.real.class.path" value="C:\Users\kevin\AppData\Local\Temp\surefire8983214812157383075\surefirebooter12674978804023002384.jar"/>
    <property name="user.script" value=""/>
    <property name="sun.management.compiler" value="HotSpot 64-Bit Tiered Compilers"/>
    <property name="java.runtime.version" value="11.0.11+9-LTS-194"/>
    <property name="user.name" value="Whisky"/>
    <property name="path.separator" value=";"/>
    <property name="os.version" value="10.0"/>
    <property name="java.runtime.name" value="Java(TM) SE Runtime Environment"/>
    <property name="file.encoding" value="Cp1252"/>
    <property name="java.vm.name" value="Java HotSpot(TM) 64-Bit Server VM"/>
    <property name="java.vendor.version" value="18.9"/>
    <property name="localRepository" value="C:\Users\kevin\.m2\repository"/>
    <property name="java.vendor.url.bug" value="https://bugreport.java.com/bugreport/"/>
    <property name="java.io.tmpdir" value="C:\Users\kevin\AppData\Local\Temp\"/>
    <property name="java.version" value="11.0.11"/>
    <property name="user.dir" value="D:\Dropbox\1. Masterthesis\Dev\jakarta-ee-benchmark-wildfly"/>
    <property name="os.arch" value="amd64"/>
    <property name="java.vm.specification.name" value="Java Virtual Machine Specification"/>
    <property name="java.awt.printerjob" value="sun.awt.windows.WPrinterJob"/>
    <property name="sun.os.patch.level" value=""/>
    <property name="java.library.path" value="C:\Program Files\Java\jdk1.8.0_291\bin;C:\WINDOWS\Sun\Java\bin;C:\WINDOWS\system32;C:\WINDOWS;C:\Program Files (x86)\Common Files\Oracle\Java\javapath;C:\WINDOWS\system32;C:\WINDOWS;C:\WINDOWS\System32\Wbem;C:\WINDOWS\System32\WindowsPowerShell\v1.0\;C:\WINDOWS\System32\OpenSSH\;C:\Program Files\Microsoft VS Code\bin;C:\Program Files\Java\jdk1.8.0_291\bin;C:\Program Files\Gradle\bin;C:\Program Files\NVIDIA Corporation\NVIDIA NvDLISR;C:\Program Files (x86)\NVIDIA Corporation\PhysX\Common;C:\Program Files (x86)\Windows Live\Shared;C:\Program Files\apache-maven-3.6.3\bin;C:\Program Files\Docker\Docker\resources\bin;C:\ProgramData\DockerDesktop\version-bin;C:\Program Files\nodejs\;C:\WINDOWS\system32;C:\WINDOWS;C:\WINDOWS\System32\Wbem;C:\WINDOWS\System32\WindowsPowerShell\v1.0\;C:\WINDOWS\System32\OpenSSH\;C:\Program Files\Git\cmd;C:\Wildfly\wildfly-21.0.1.Final\bin;C:\Program Files\Go\bin;C:\Program Files\Amazon\AWSCLIV2\;C:\Users\kevin\AppData\Local\Programs\Python\Python39\Scripts\;C:\Users\kevin\AppData\Local\Programs\Python\Python39\;C:\Users\kevin\AppData\Local\Microsoft\WindowsApps;C:\Program Files\JetBrains\IntelliJ IDEA 2020.2.3\bin;C:\Users\kevin\AppData\Local\atom\bin;C:\Users\kevin\AppData\Roaming\npm;C:\Users\kevin\AppData\Local\Microsoft\WindowsApps;C:\Wildfly\wildfly-21.0.1.Final\bin;C:\Users\kevin\go\bin;C:\Program Files\JetBrains\GoLand 2021.1.1\bin;;."/>
    <property name="java.vendor" value="Oracle Corporation"/>
    <property name="java.vm.info" value="mixed mode"/>
    <property name="java.vm.version" value="11.0.11+9-LTS-194"/>
    <property name="sun.io.unicode.encoding" value="UnicodeLittle"/>
    <property name="java.class.version" value="55.0"/>
  </properties>
  <testcase name="shouldAnswerWithTrue" classname="com.goblintech.AppTest" time="0.004"/>
</testsuite>